This file contains any messages produced by compilers while
running configure, to aid debugging if configure makes a mistake.

It was created by libsndfile configure 1.0.26, which was
generated by GNU Autoconf 2.69.  Invocation command line was

  $ ./configure 

## --------- ##
## Platform. ##
## --------- ##

hostname = Nimrods-MacBook-Pro.local
uname -m = x86_64
uname -r = 14.5.0
uname -s = Darwin
uname -v = Darwin Kernel Version 14.5.0: Wed Jul 29 02:26:53 PDT 2015; root:xnu-2782.40.9~1/RELEASE_X86_64

/usr/bin/uname -p = i386
/bin/uname -X     = unknown

/bin/arch              = unknown
/usr/bin/arch -k       = unknown
/usr/convex/getsysinfo = unknown
/usr/bin/hostinfo      = Mach kernel version:
	 Darwin Kernel Version 14.5.0: Wed Jul 29 02:26:53 PDT 2015; root:xnu-2782.40.9~1/RELEASE_X86_64
Kernel configured for up to 8 processors.
4 processors are physically available.
8 processors are logically available.
Processor type: i486 (Intel 80486)
Processors active: 0 1 2 3 4 5 6 7
Primary memory available: 8.00 gigabytes
Default processor set: 281 tasks, 1571 threads, 8 processors
Load average: 2.91, Mach factor: 5.41
/bin/machine           = unknown
/usr/bin/oslevel       = unknown
/bin/universe          = unknown

PATH: /Users/nimast/.rvm/gems/ruby-2.1.0/bin
PATH: /Users/nimast/.rvm/gems/ruby-2.1.0@global/bin
PATH: /Users/nimast/.rvm/rubies/ruby-2.1.0/bin
PATH: /Users/nimast/google-cloud-sdk/bin
PATH: /opt/local/bin
PATH: /opt/local/sbin
PATH: /Library/Android/sdk/tools
PATH: /Library/Android/sdk/platforms
PATH: /Library/Android/sdk/platform-tools
PATH: /Applications/Postgres.app/Contents/MacOS/bin
PATH: /Applications/Postgres.app/Contents/MacOS/bin
PATH: /usr/local/heroku/bin
PATH: /Library/Frameworks/Python.framework/Versions/2.7/bin
PATH: /Users/nimast/dev/repos/depot_tools
PATH: /Android/android-sdk-mac_x86/tools
PATH: /Android/android-sdk-mac_x86/platforms
PATH: /Android/android-sdk-mac_x86/platform-tools
PATH: /Applications/Postgres.app/Contents/MacOS/bin
PATH: /usr/local/heroku/bin
PATH: /usr/local/bin
PATH: /usr/bin
PATH: /bin
PATH: /usr/sbin
PATH: /sbin
PATH: /opt/X11/bin
PATH: /usr/local/git/bin
PATH: /Users/nimast/.rvm/bin


## ----------- ##
## Core tests. ##
## ----------- ##

configure:2815: checking build system type
configure:2829: result: x86_64-apple-darwin14.5.0
configure:2849: checking host system type
configure:2862: result: x86_64-apple-darwin14.5.0
configure:2882: checking target system type
configure:2895: result: x86_64-apple-darwin14.5.0
configure:2942: checking for a BSD-compatible install
configure:3010: result: /usr/bin/install -c
configure:3021: checking whether build environment is sane
configure:3076: result: yes
configure:3227: checking for a thread-safe mkdir -p
configure:3266: result: Cfg/install-sh -c -d
configure:3273: checking for gawk
configure:3303: result: no
configure:3273: checking for mawk
configure:3303: result: no
configure:3273: checking for nawk
configure:3303: result: no
configure:3273: checking for awk
configure:3289: found /usr/bin/awk
configure:3300: result: awk
configure:3311: checking whether make sets $(MAKE)
configure:3333: result: yes
configure:3362: checking whether make supports nested variables
configure:3379: result: yes
configure:3516: checking whether make supports nested variables
configure:3533: result: yes
configure:3564: checking for style of include used by make
configure:3592: result: GNU
configure:3663: checking for gcc
configure:3679: found /usr/bin/gcc
configure:3690: result: gcc
configure:3919: checking for C compiler version
configure:3928: gcc --version >&5
Apple LLVM version 7.0.0 (clang-700.1.76)
Target: x86_64-apple-darwin14.5.0
Thread model: posix
Configured with: --prefix=/Applications/Xcode.app/Contents/Developer/usr --with-gxx-include-dir=/Applications/Xcode.app/Contents/Developer/Platforms/MacOSX.platform/Developer/SDKs/MacOSX10.11.sdk/usr/include/c++/4.2.1
configure:3939: $? = 0
configure:3928: gcc -v >&5
Configured with: --prefix=/Applications/Xcode.app/Contents/Developer/usr --with-gxx-include-dir=/Applications/Xcode.app/Contents/Developer/Platforms/MacOSX.platform/Developer/SDKs/MacOSX10.11.sdk/usr/include/c++/4.2.1
Apple LLVM version 7.0.0 (clang-700.1.76)
Target: x86_64-apple-darwin14.5.0
Thread model: posix
configure:3939: $? = 0
configure:3928: gcc -V >&5
clang: error: argument to '-V' is missing (expected 1 value)
clang: error: no input files
configure:3939: $? = 1
configure:3928: gcc -qversion >&5
clang: error: unknown argument: '-qversion'
clang: error: no input files
configure:3939: $? = 1
configure:3959: checking whether the C compiler works
configure:3981: gcc    conftest.c  >&5
configure:3985: $? = 0
configure:4033: result: yes
configure:4036: checking for C compiler default output file name
configure:4038: result: a.out
configure:4044: checking for suffix of executables
configure:4051: gcc -o conftest    conftest.c  >&5
configure:4055: $? = 0
configure:4077: result: 
configure:4099: checking whether we are cross compiling
configure:4107: gcc -o conftest    conftest.c  >&5
configure:4111: $? = 0
configure:4118: ./conftest
configure:4122: $? = 0
configure:4137: result: no
configure:4142: checking for suffix of object files
configure:4164: gcc -c   conftest.c >&5
configure:4168: $? = 0
configure:4189: result: o
configure:4193: checking whether we are using the GNU C compiler
configure:4212: gcc -c   conftest.c >&5
configure:4212: $? = 0
configure:4221: result: yes
configure:4230: checking whether gcc accepts -g
configure:4250: gcc -c -g  conftest.c >&5
configure:4250: $? = 0
configure:4291: result: yes
configure:4308: checking for gcc option to accept ISO C89
configure:4371: gcc  -c -g -O2  conftest.c >&5
configure:4371: $? = 0
configure:4384: result: none needed
configure:4409: checking whether gcc understands -c and -o together
configure:4431: gcc -c conftest.c -o conftest2.o
configure:4434: $? = 0
configure:4431: gcc -c conftest.c -o conftest2.o
configure:4434: $? = 0
configure:4446: result: yes
configure:4465: checking dependency style of gcc
configure:4576: result: gcc3
configure:4595: checking for gcc option to accept ISO C99
configure:4744: gcc  -c -g -O2  conftest.c >&5
configure:4744: $? = 0
configure:4757: result: none needed
configure:4865: checking for gcc option to accept ISO Standard C
configure:4876: result: none needed
configure:4889: checking how to run the C preprocessor
configure:4920: gcc -E  conftest.c
configure:4920: $? = 0
configure:4934: gcc -E  conftest.c
conftest.c:11:10: fatal error: 'ac_nonexistent.h' file not found
#include <ac_nonexistent.h>
         ^
1 error generated.
configure:4934: $? = 1
configure: failed program was:
| /* confdefs.h */
| #define PACKAGE_NAME "libsndfile"
| #define PACKAGE_TARNAME "libsndfile"
| #define PACKAGE_VERSION "1.0.26"
| #define PACKAGE_STRING "libsndfile 1.0.26"
| #define PACKAGE_BUGREPORT "sndfile@mega-nerd.com"
| #define PACKAGE_URL "http://www.mega-nerd.com/libsndfile/"
| #define PACKAGE "libsndfile"
| #define VERSION "1.0.26"
| /* end confdefs.h.  */
| #include <ac_nonexistent.h>
configure:4959: result: gcc -E
configure:4979: gcc -E  conftest.c
configure:4979: $? = 0
configure:4993: gcc -E  conftest.c
conftest.c:11:10: fatal error: 'ac_nonexistent.h' file not found
#include <ac_nonexistent.h>
         ^
1 error generated.
configure:4993: $? = 1
configure: failed program was:
| /* confdefs.h */
| #define PACKAGE_NAME "libsndfile"
| #define PACKAGE_TARNAME "libsndfile"
| #define PACKAGE_VERSION "1.0.26"
| #define PACKAGE_STRING "libsndfile 1.0.26"
| #define PACKAGE_BUGREPORT "sndfile@mega-nerd.com"
| #define PACKAGE_URL "http://www.mega-nerd.com/libsndfile/"
| #define PACKAGE "libsndfile"
| #define VERSION "1.0.26"
| /* end confdefs.h.  */
| #include <ac_nonexistent.h>
configure:5022: checking for grep that handles long lines and -e
configure:5080: result: /usr/bin/grep
configure:5085: checking for egrep
configure:5147: result: /usr/bin/grep -E
configure:5152: checking for ANSI C header files
configure:5172: gcc -c -g -O2  conftest.c >&5
configure:5172: $? = 0
configure:5245: gcc -o conftest -g -O2   conftest.c  >&5
configure:5245: $? = 0
configure:5245: ./conftest
configure:5245: $? = 0
configure:5256: result: yes
configure:5269: checking for sys/types.h
configure:5269: gcc -c -g -O2  conftest.c >&5
configure:5269: $? = 0
configure:5269: result: yes
configure:5269: checking for sys/stat.h
configure:5269: gcc -c -g -O2  conftest.c >&5
configure:5269: $? = 0
configure:5269: result: yes
configure:5269: checking for stdlib.h
configure:5269: gcc -c -g -O2  conftest.c >&5
configure:5269: $? = 0
configure:5269: result: yes
configure:5269: checking for string.h
configure:5269: gcc -c -g -O2  conftest.c >&5
configure:5269: $? = 0
configure:5269: result: yes
configure:5269: checking for memory.h
configure:5269: gcc -c -g -O2  conftest.c >&5
configure:5269: $? = 0
configure:5269: result: yes
configure:5269: checking for strings.h
configure:5269: gcc -c -g -O2  conftest.c >&5
configure:5269: $? = 0
configure:5269: result: yes
configure:5269: checking for inttypes.h
configure:5269: gcc -c -g -O2  conftest.c >&5
configure:5269: $? = 0
configure:5269: result: yes
configure:5269: checking for stdint.h
configure:5269: gcc -c -g -O2  conftest.c >&5
configure:5269: $? = 0
configure:5269: result: yes
configure:5269: checking for unistd.h
configure:5269: gcc -c -g -O2  conftest.c >&5
configure:5269: $? = 0
configure:5269: result: yes
configure:5282: checking minix/config.h usability
configure:5282: gcc -c -g -O2  conftest.c >&5
conftest.c:54:10: fatal error: 'minix/config.h' file not found
#include <minix/config.h>
         ^
1 error generated.
configure:5282: $? = 1
configure: failed program was:
| /* confdefs.h */
| #define PACKAGE_NAME "libsndfile"
| #define PACKAGE_TARNAME "libsndfile"
| #define PACKAGE_VERSION "1.0.26"
| #define PACKAGE_STRING "libsndfile 1.0.26"
| #define PACKAGE_BUGREPORT "sndfile@mega-nerd.com"
| #define PACKAGE_URL "http://www.mega-nerd.com/libsndfile/"
| #define PACKAGE "libsndfile"
| #define VERSION "1.0.26"
| #define STDC_HEADERS 1
| #define HAVE_SYS_TYPES_H 1
| #define HAVE_SYS_STAT_H 1
| #define HAVE_STDLIB_H 1
| #define HAVE_STRING_H 1
| #define HAVE_MEMORY_H 1
| #define HAVE_STRINGS_H 1
| #define HAVE_INTTYPES_H 1
| #define HAVE_STDINT_H 1
| #define HAVE_UNISTD_H 1
| /* end confdefs.h.  */
| #include <stdio.h>
| #ifdef HAVE_SYS_TYPES_H
| # include <sys/types.h>
| #endif
| #ifdef HAVE_SYS_STAT_H
| # include <sys/stat.h>
| #endif
| #ifdef STDC_HEADERS
| # include <stdlib.h>
| # include <stddef.h>
| #else
| # ifdef HAVE_STDLIB_H
| #  include <stdlib.h>
| # endif
| #endif
| #ifdef HAVE_STRING_H
| # if !defined STDC_HEADERS && defined HAVE_MEMORY_H
| #  include <memory.h>
| # endif
| # include <string.h>
| #endif
| #ifdef HAVE_STRINGS_H
| # include <strings.h>
| #endif
| #ifdef HAVE_INTTYPES_H
| # include <inttypes.h>
| #endif
| #ifdef HAVE_STDINT_H
| # include <stdint.h>
| #endif
| #ifdef HAVE_UNISTD_H
| # include <unistd.h>
| #endif
| #include <minix/config.h>
configure:5282: result: no
configure:5282: checking minix/config.h presence
configure:5282: gcc -E  conftest.c
conftest.c:21:10: fatal error: 'minix/config.h' file not found
#include <minix/config.h>
         ^
1 error generated.
configure:5282: $? = 1
configure: failed program was:
| /* confdefs.h */
| #define PACKAGE_NAME "libsndfile"
| #define PACKAGE_TARNAME "libsndfile"
| #define PACKAGE_VERSION "1.0.26"
| #define PACKAGE_STRING "libsndfile 1.0.26"
| #define PACKAGE_BUGREPORT "sndfile@mega-nerd.com"
| #define PACKAGE_URL "http://www.mega-nerd.com/libsndfile/"
| #define PACKAGE "libsndfile"
| #define VERSION "1.0.26"
| #define STDC_HEADERS 1
| #define HAVE_SYS_TYPES_H 1
| #define HAVE_SYS_STAT_H 1
| #define HAVE_STDLIB_H 1
| #define HAVE_STRING_H 1
| #define HAVE_MEMORY_H 1
| #define HAVE_STRINGS_H 1
| #define HAVE_INTTYPES_H 1
| #define HAVE_STDINT_H 1
| #define HAVE_UNISTD_H 1
| /* end confdefs.h.  */
| #include <minix/config.h>
configure:5282: result: no
configure:5282: checking for minix/config.h
configure:5282: result: no
configure:5303: checking whether it is safe to define __EXTENSIONS__
configure:5321: gcc -c -g -O2  conftest.c >&5
configure:5321: $? = 0
configure:5328: result: yes
configure:5401: checking for g++
configure:5417: found /usr/bin/g++
configure:5428: result: g++
configure:5455: checking for C++ compiler version
configure:5464: g++ --version >&5
Apple LLVM version 7.0.0 (clang-700.1.76)
Target: x86_64-apple-darwin14.5.0
Thread model: posix
Configured with: --prefix=/Applications/Xcode.app/Contents/Developer/usr --with-gxx-include-dir=/Applications/Xcode.app/Contents/Developer/Platforms/MacOSX.platform/Developer/SDKs/MacOSX10.11.sdk/usr/include/c++/4.2.1
configure:5475: $? = 0
configure:5464: g++ -v >&5
Configured with: --prefix=/Applications/Xcode.app/Contents/Developer/usr --with-gxx-include-dir=/Applications/Xcode.app/Contents/Developer/Platforms/MacOSX.platform/Developer/SDKs/MacOSX10.11.sdk/usr/include/c++/4.2.1
Apple LLVM version 7.0.0 (clang-700.1.76)
Target: x86_64-apple-darwin14.5.0
Thread model: posix
configure:5475: $? = 0
configure:5464: g++ -V >&5
clang: error: argument to '-V' is missing (expected 1 value)
clang: error: no input files
configure:5475: $? = 1
configure:5464: g++ -qversion >&5
clang: error: unknown argument: '-qversion'
clang: error: no input files
configure:5475: $? = 1
configure:5479: checking whether we are using the GNU C++ compiler
configure:5498: g++ -c   conftest.cpp >&5
configure:5498: $? = 0
configure:5507: result: yes
configure:5516: checking whether g++ accepts -g
configure:5536: g++ -c -g  conftest.cpp >&5
configure:5536: $? = 0
configure:5577: result: yes
configure:5602: checking dependency style of g++
configure:5713: result: gcc3
configure:5729: checking whether we are using the CLANG C compiler
configure:5752: gcc -o conftest -g -O2   conftest.c  >&5
configure:5752: $? = 0
configure:5758: result: yes
configure:5784: gcc -o conftest -g -O2   conftest.c  >&5
conftest.c:34:5: error: use of undeclared identifier 'This'
                                This is clang!
                                ^
1 error generated.
configure:5784: $? = 1
configure: failed program was:
| /* confdefs.h */
| #define PACKAGE_NAME "libsndfile"
| #define PACKAGE_TARNAME "libsndfile"
| #define PACKAGE_VERSION "1.0.26"
| #define PACKAGE_STRING "libsndfile 1.0.26"
| #define PACKAGE_BUGREPORT "sndfile@mega-nerd.com"
| #define PACKAGE_URL "http://www.mega-nerd.com/libsndfile/"
| #define PACKAGE "libsndfile"
| #define VERSION "1.0.26"
| #define STDC_HEADERS 1
| #define HAVE_SYS_TYPES_H 1
| #define HAVE_SYS_STAT_H 1
| #define HAVE_STDLIB_H 1
| #define HAVE_STRING_H 1
| #define HAVE_MEMORY_H 1
| #define HAVE_STRINGS_H 1
| #define HAVE_INTTYPES_H 1
| #define HAVE_STDINT_H 1
| #define HAVE_UNISTD_H 1
| #define __EXTENSIONS__ 1
| #define _ALL_SOURCE 1
| #define _GNU_SOURCE 1
| #define _POSIX_PTHREAD_SEMANTICS 1
| #define _TANDEM_SOURCE 1
| /* end confdefs.h.  */
| 
| 			#include <stdio.h>
| 
| int
| main ()
| {
| 
| 			#ifdef __clang__
| 				This is clang!
| 			#endif
| 
|   ;
|   return 0;
| }
configure:5796: checking for a sed that does not truncate output
configure:5860: result: /usr/bin/sed
configure:5914: checking how to print strings
configure:5941: result: printf
configure:5962: checking for a sed that does not truncate output
configure:6026: result: /usr/bin/sed
configure:6044: checking for fgrep
configure:6106: result: /usr/bin/grep -F
configure:6141: checking for ld used by gcc
configure:6208: result: /Applications/Xcode.app/Contents/Developer/Toolchains/XcodeDefault.xctoolchain/usr/bin/ld
configure:6215: checking if the linker (/Applications/Xcode.app/Contents/Developer/Toolchains/XcodeDefault.xctoolchain/usr/bin/ld) is GNU ld
configure:6230: result: no
configure:6242: checking for BSD- or MS-compatible name lister (nm)
configure:6291: result: /usr/bin/nm
configure:6421: checking the name lister (/usr/bin/nm) interface
configure:6428: gcc -c -g -O2  conftest.c >&5
configure:6431: /usr/bin/nm "conftest.o"
configure:6434: output
00000000000001f8 S _some_variable
configure:6441: result: BSD nm
configure:6444: checking whether ln -s works
configure:6448: result: yes
configure:6456: checking the maximum length of command line arguments
configure:6587: result: 196608
configure:6604: checking whether the shell understands some XSI constructs
configure:6614: result: yes
configure:6618: checking whether the shell understands "+="
configure:6624: result: yes
configure:6659: checking how to convert x86_64-apple-darwin14.5.0 file names to x86_64-apple-darwin14.5.0 format
configure:6699: result: func_convert_file_noop
configure:6706: checking how to convert x86_64-apple-darwin14.5.0 file names to toolchain format
configure:6726: result: func_convert_file_noop
configure:6733: checking for /Applications/Xcode.app/Contents/Developer/Toolchains/XcodeDefault.xctoolchain/usr/bin/ld option to reload object files
configure:6740: result: -r
configure:6814: checking for objdump
configure:6844: result: no
configure:6873: checking how to recognize dependent libraries
configure:7071: result: pass_all
configure:7156: checking for dlltool
configure:7186: result: no
configure:7216: checking how to associate runtime and link libraries
configure:7243: result: printf %s\n
configure:7303: checking for ar
configure:7319: found /usr/bin/ar
configure:7330: result: ar
configure:7367: checking for archiver @FILE support
configure:7384: gcc -c -g -O2  conftest.c >&5
configure:7384: $? = 0
configure:7387: ar cru libconftest.a @conftest.lst >&5
ar: @conftest.lst: No such file or directory
configure:7390: $? = 1
configure:7410: result: no
configure:7468: checking for strip
configure:7484: found /usr/bin/strip
configure:7495: result: strip
configure:7567: checking for ranlib
configure:7583: found /usr/bin/ranlib
configure:7594: result: ranlib
configure:7696: checking command to parse /usr/bin/nm output from gcc object
configure:7816: gcc -c -g -O2  conftest.c >&5
configure:7819: $? = 0
configure:7823: /usr/bin/nm conftest.o \| sed -n -e 's/^.*[ ]\([BCDEGRST][BCDEGRST]*\)[ ][ ]*\([_A-Za-z][_A-Za-z0-9]*\)$/\1 \2 \2/p' | sed '/ __gnu_lto/d' \> conftest.nm
configure:7826: $? = 0
cannot find nm_test_var in conftest.nm
configure:7816: gcc -c -g -O2  conftest.c >&5
configure:7819: $? = 0
configure:7823: /usr/bin/nm conftest.o \| sed -n -e 's/^.*[ ]\([BCDEGRST][BCDEGRST]*\)[ ][ ]*_\([_A-Za-z][_A-Za-z0-9]*\)$/\1 _\2 \2/p' | sed '/ __gnu_lto/d' \> conftest.nm
configure:7826: $? = 0
configure:7892: gcc -o conftest -g -O2   conftest.c conftstm.o >&5
warning: (x86_64)  could not find object file symbol for symbol _main
configure:7895: $? = 0
configure:7933: result: ok
configure:7970: checking for sysroot
configure:8000: result: no
configure:8269: checking for mt
configure:8299: result: no
configure:8319: checking if : is a manifest tool
configure:8325: : '-?'
configure:8333: result: no
configure:8389: checking for dsymutil
configure:8405: found /usr/bin/dsymutil
configure:8416: result: dsymutil
configure:8481: checking for nmedit
configure:8497: found /usr/bin/nmedit
configure:8508: result: nmedit
configure:8573: checking for lipo
configure:8589: found /usr/bin/lipo
configure:8600: result: lipo
configure:8665: checking for otool
configure:8681: found /usr/bin/otool
configure:8692: result: otool
configure:8757: checking for otool64
configure:8787: result: no
configure:8832: checking for -single_module linker flag
gcc -g -O2  -o libconftest.dylib -dynamiclib -Wl,-single_module conftest.c
configure:8865: result: yes
configure:8868: checking for -exported_symbols_list linker flag
configure:8888: gcc -o conftest -g -O2   -Wl,-exported_symbols_list,conftest.sym conftest.c  >&5
configure:8888: $? = 0
configure:8898: result: yes
configure:8901: checking for -force_load linker flag
gcc -g -O2 -c -o conftest.o conftest.c
ar cru libconftest.a conftest.o
ranlib libconftest.a
gcc -g -O2  -o conftest conftest.c -Wl,-force_load,./libconftest.a
configure:8933: result: yes
configure:8972: checking for dlfcn.h
configure:8972: gcc -c -g -O2  conftest.c >&5
configure:8972: $? = 0
configure:8972: result: yes
configure:9189: checking for objdir
configure:9204: result: .libs
configure:9475: checking if gcc supports -fno-rtti -fno-exceptions
configure:9493: gcc -c -g -O2  -fno-rtti -fno-exceptions conftest.c >&5
configure:9497: $? = 0
configure:9510: result: yes
configure:9837: checking for gcc option to produce PIC
configure:9844: result: -fno-common -DPIC
configure:9852: checking if gcc PIC flag -fno-common -DPIC works
configure:9870: gcc -c -g -O2  -fno-common -DPIC -DPIC conftest.c >&5
configure:9874: $? = 0
configure:9887: result: yes
configure:9916: checking if gcc static flag -static works
configure:9944: result: no
configure:9959: checking if gcc supports -c -o file.o
configure:9980: gcc -c -g -O2  -o out/conftest2.o conftest.c >&5
configure:9984: $? = 0
configure:10006: result: yes
configure:10014: checking if gcc supports -c -o file.o
configure:10061: result: yes
configure:10094: checking whether the gcc linker (/Applications/Xcode.app/Contents/Developer/Toolchains/XcodeDefault.xctoolchain/usr/bin/ld) supports shared libraries
configure:11251: result: yes
configure:11491: checking dynamic linker characteristics
configure:12225: result: darwin14.5.0 dyld
configure:12332: checking how to hardcode library paths into programs
configure:12357: result: immediate
configure:12897: checking whether stripping libraries is possible
configure:12911: result: yes
configure:12937: checking if libtool supports shared libraries
configure:12939: result: yes
configure:12942: checking whether to build shared libraries
configure:12963: result: yes
configure:12966: checking whether to build static libraries
configure:12970: result: yes
configure:12993: checking how to run the C++ preprocessor
configure:13020: g++ -E  conftest.cpp
configure:13020: $? = 0
configure:13034: g++ -E  conftest.cpp
conftest.cpp:28:10: fatal error: 'ac_nonexistent.h' file not found
#include <ac_nonexistent.h>
         ^
1 error generated.
configure:13034: $? = 1
configure: failed program was:
| /* confdefs.h */
| #define PACKAGE_NAME "libsndfile"
| #define PACKAGE_TARNAME "libsndfile"
| #define PACKAGE_VERSION "1.0.26"
| #define PACKAGE_STRING "libsndfile 1.0.26"
| #define PACKAGE_BUGREPORT "sndfile@mega-nerd.com"
| #define PACKAGE_URL "http://www.mega-nerd.com/libsndfile/"
| #define PACKAGE "libsndfile"
| #define VERSION "1.0.26"
| #define STDC_HEADERS 1
| #define HAVE_SYS_TYPES_H 1
| #define HAVE_SYS_STAT_H 1
| #define HAVE_STDLIB_H 1
| #define HAVE_STRING_H 1
| #define HAVE_MEMORY_H 1
| #define HAVE_STRINGS_H 1
| #define HAVE_INTTYPES_H 1
| #define HAVE_STDINT_H 1
| #define HAVE_UNISTD_H 1
| #define __EXTENSIONS__ 1
| #define _ALL_SOURCE 1
| #define _GNU_SOURCE 1
| #define _POSIX_PTHREAD_SEMANTICS 1
| #define _TANDEM_SOURCE 1
| #define HAVE_DLFCN_H 1
| #define LT_OBJDIR ".libs/"
| /* end confdefs.h.  */
| #include <ac_nonexistent.h>
configure:13059: result: g++ -E
configure:13079: g++ -E  conftest.cpp
configure:13079: $? = 0
configure:13093: g++ -E  conftest.cpp
conftest.cpp:28:10: fatal error: 'ac_nonexistent.h' file not found
#include <ac_nonexistent.h>
         ^
1 error generated.
configure:13093: $? = 1
configure: failed program was:
| /* confdefs.h */
| #define PACKAGE_NAME "libsndfile"
| #define PACKAGE_TARNAME "libsndfile"
| #define PACKAGE_VERSION "1.0.26"
| #define PACKAGE_STRING "libsndfile 1.0.26"
| #define PACKAGE_BUGREPORT "sndfile@mega-nerd.com"
| #define PACKAGE_URL "http://www.mega-nerd.com/libsndfile/"
| #define PACKAGE "libsndfile"
| #define VERSION "1.0.26"
| #define STDC_HEADERS 1
| #define HAVE_SYS_TYPES_H 1
| #define HAVE_SYS_STAT_H 1
| #define HAVE_STDLIB_H 1
| #define HAVE_STRING_H 1
| #define HAVE_MEMORY_H 1
| #define HAVE_STRINGS_H 1
| #define HAVE_INTTYPES_H 1
| #define HAVE_STDINT_H 1
| #define HAVE_UNISTD_H 1
| #define __EXTENSIONS__ 1
| #define _ALL_SOURCE 1
| #define _GNU_SOURCE 1
| #define _POSIX_PTHREAD_SEMANTICS 1
| #define _TANDEM_SOURCE 1
| #define HAVE_DLFCN_H 1
| #define LT_OBJDIR ".libs/"
| /* end confdefs.h.  */
| #include <ac_nonexistent.h>
configure:13262: checking for ld used by g++
configure:13329: result: /Applications/Xcode.app/Contents/Developer/Toolchains/XcodeDefault.xctoolchain/usr/bin/ld
configure:13336: checking if the linker (/Applications/Xcode.app/Contents/Developer/Toolchains/XcodeDefault.xctoolchain/usr/bin/ld) is GNU ld
configure:13351: result: no
configure:13406: checking whether the g++ linker (/Applications/Xcode.app/Contents/Developer/Toolchains/XcodeDefault.xctoolchain/usr/bin/ld) supports shared libraries
configure:14408: result: yes
configure:14444: g++ -c -g -O2  conftest.cpp >&5
configure:14447: $? = 0
configure:14967: checking for g++ option to produce PIC
configure:14974: result: -fno-common -DPIC
configure:14982: checking if g++ PIC flag -fno-common -DPIC works
configure:15000: g++ -c -g -O2  -fno-common -DPIC -DPIC conftest.cpp >&5
configure:15004: $? = 0
configure:15017: result: yes
configure:15040: checking if g++ static flag -static works
configure:15068: result: no
configure:15080: checking if g++ supports -c -o file.o
configure:15101: g++ -c -g -O2  -o out/conftest2.o conftest.cpp >&5
configure:15105: $? = 0
configure:15127: result: yes
configure:15132: checking if g++ supports -c -o file.o
configure:15179: result: yes
configure:15209: checking whether the g++ linker (/Applications/Xcode.app/Contents/Developer/Toolchains/XcodeDefault.xctoolchain/usr/bin/ld) supports shared libraries
configure:15248: result: yes
configure:15389: checking dynamic linker characteristics
configure:16057: result: darwin14.5.0 dyld
configure:16110: checking how to hardcode library paths into programs
configure:16135: result: immediate
configure:16239: checking for windres
configure:16269: result: no
configure:16374: checking whether ln -s works
configure:16378: result: yes
configure:16388: checking for autogen
configure:16416: result: no
configure:16426: checking for wine
configure:16454: result: no
configure:16464: checking for xcode-select
configure:16480: found /usr/bin/xcode-select
configure:16492: result: yes
configure:16524: checking for ANSI C header files
configure:16628: result: yes
configure:16639: checking endian.h usability
configure:16639: gcc -c -g -O2  conftest.c >&5
conftest.c:62:10: fatal error: 'endian.h' file not found
#include <endian.h>
         ^
1 error generated.
configure:16639: $? = 1
configure: failed program was:
| /* confdefs.h */
| #define PACKAGE_NAME "libsndfile"
| #define PACKAGE_TARNAME "libsndfile"
| #define PACKAGE_VERSION "1.0.26"
| #define PACKAGE_STRING "libsndfile 1.0.26"
| #define PACKAGE_BUGREPORT "sndfile@mega-nerd.com"
| #define PACKAGE_URL "http://www.mega-nerd.com/libsndfile/"
| #define PACKAGE "libsndfile"
| #define VERSION "1.0.26"
| #define STDC_HEADERS 1
| #define HAVE_SYS_TYPES_H 1
| #define HAVE_SYS_STAT_H 1
| #define HAVE_STDLIB_H 1
| #define HAVE_STRING_H 1
| #define HAVE_MEMORY_H 1
| #define HAVE_STRINGS_H 1
| #define HAVE_INTTYPES_H 1
| #define HAVE_STDINT_H 1
| #define HAVE_UNISTD_H 1
| #define __EXTENSIONS__ 1
| #define _ALL_SOURCE 1
| #define _GNU_SOURCE 1
| #define _POSIX_PTHREAD_SEMANTICS 1
| #define _TANDEM_SOURCE 1
| #define HAVE_DLFCN_H 1
| #define LT_OBJDIR ".libs/"
| #define STDC_HEADERS 1
| /* end confdefs.h.  */
| #include <stdio.h>
| #ifdef HAVE_SYS_TYPES_H
| # include <sys/types.h>
| #endif
| #ifdef HAVE_SYS_STAT_H
| # include <sys/stat.h>
| #endif
| #ifdef STDC_HEADERS
| # include <stdlib.h>
| # include <stddef.h>
| #else
| # ifdef HAVE_STDLIB_H
| #  include <stdlib.h>
| # endif
| #endif
| #ifdef HAVE_STRING_H
| # if !defined STDC_HEADERS && defined HAVE_MEMORY_H
| #  include <memory.h>
| # endif
| # include <string.h>
| #endif
| #ifdef HAVE_STRINGS_H
| # include <strings.h>
| #endif
| #ifdef HAVE_INTTYPES_H
| # include <inttypes.h>
| #endif
| #ifdef HAVE_STDINT_H
| # include <stdint.h>
| #endif
| #ifdef HAVE_UNISTD_H
| # include <unistd.h>
| #endif
| #include <endian.h>
configure:16639: result: no
configure:16639: checking endian.h presence
configure:16639: gcc -E  conftest.c
conftest.c:29:10: fatal error: 'endian.h' file not found
#include <endian.h>
         ^
1 error generated.
configure:16639: $? = 1
configure: failed program was:
| /* confdefs.h */
| #define PACKAGE_NAME "libsndfile"
| #define PACKAGE_TARNAME "libsndfile"
| #define PACKAGE_VERSION "1.0.26"
| #define PACKAGE_STRING "libsndfile 1.0.26"
| #define PACKAGE_BUGREPORT "sndfile@mega-nerd.com"
| #define PACKAGE_URL "http://www.mega-nerd.com/libsndfile/"
| #define PACKAGE "libsndfile"
| #define VERSION "1.0.26"
| #define STDC_HEADERS 1
| #define HAVE_SYS_TYPES_H 1
| #define HAVE_SYS_STAT_H 1
| #define HAVE_STDLIB_H 1
| #define HAVE_STRING_H 1
| #define HAVE_MEMORY_H 1
| #define HAVE_STRINGS_H 1
| #define HAVE_INTTYPES_H 1
| #define HAVE_STDINT_H 1
| #define HAVE_UNISTD_H 1
| #define __EXTENSIONS__ 1
| #define _ALL_SOURCE 1
| #define _GNU_SOURCE 1
| #define _POSIX_PTHREAD_SEMANTICS 1
| #define _TANDEM_SOURCE 1
| #define HAVE_DLFCN_H 1
| #define LT_OBJDIR ".libs/"
| #define STDC_HEADERS 1
| /* end confdefs.h.  */
| #include <endian.h>
configure:16639: result: no
configure:16639: checking for endian.h
configure:16639: result: no
configure:16651: checking byteswap.h usability
configure:16651: gcc -c -g -O2  conftest.c >&5
conftest.c:62:10: fatal error: 'byteswap.h' file not found
#include <byteswap.h>
         ^
1 error generated.
configure:16651: $? = 1
configure: failed program was:
| /* confdefs.h */
| #define PACKAGE_NAME "libsndfile"
| #define PACKAGE_TARNAME "libsndfile"
| #define PACKAGE_VERSION "1.0.26"
| #define PACKAGE_STRING "libsndfile 1.0.26"
| #define PACKAGE_BUGREPORT "sndfile@mega-nerd.com"
| #define PACKAGE_URL "http://www.mega-nerd.com/libsndfile/"
| #define PACKAGE "libsndfile"
| #define VERSION "1.0.26"
| #define STDC_HEADERS 1
| #define HAVE_SYS_TYPES_H 1
| #define HAVE_SYS_STAT_H 1
| #define HAVE_STDLIB_H 1
| #define HAVE_STRING_H 1
| #define HAVE_MEMORY_H 1
| #define HAVE_STRINGS_H 1
| #define HAVE_INTTYPES_H 1
| #define HAVE_STDINT_H 1
| #define HAVE_UNISTD_H 1
| #define __EXTENSIONS__ 1
| #define _ALL_SOURCE 1
| #define _GNU_SOURCE 1
| #define _POSIX_PTHREAD_SEMANTICS 1
| #define _TANDEM_SOURCE 1
| #define HAVE_DLFCN_H 1
| #define LT_OBJDIR ".libs/"
| #define STDC_HEADERS 1
| /* end confdefs.h.  */
| #include <stdio.h>
| #ifdef HAVE_SYS_TYPES_H
| # include <sys/types.h>
| #endif
| #ifdef HAVE_SYS_STAT_H
| # include <sys/stat.h>
| #endif
| #ifdef STDC_HEADERS
| # include <stdlib.h>
| # include <stddef.h>
| #else
| # ifdef HAVE_STDLIB_H
| #  include <stdlib.h>
| # endif
| #endif
| #ifdef HAVE_STRING_H
| # if !defined STDC_HEADERS && defined HAVE_MEMORY_H
| #  include <memory.h>
| # endif
| # include <string.h>
| #endif
| #ifdef HAVE_STRINGS_H
| # include <strings.h>
| #endif
| #ifdef HAVE_INTTYPES_H
| # include <inttypes.h>
| #endif
| #ifdef HAVE_STDINT_H
| # include <stdint.h>
| #endif
| #ifdef HAVE_UNISTD_H
| # include <unistd.h>
| #endif
| #include <byteswap.h>
configure:16651: result: no
configure:16651: checking byteswap.h presence
configure:16651: gcc -E  conftest.c
conftest.c:29:10: fatal error: 'byteswap.h' file not found
#include <byteswap.h>
         ^
1 error generated.
configure:16651: $? = 1
configure: failed program was:
| /* confdefs.h */
| #define PACKAGE_NAME "libsndfile"
| #define PACKAGE_TARNAME "libsndfile"
| #define PACKAGE_VERSION "1.0.26"
| #define PACKAGE_STRING "libsndfile 1.0.26"
| #define PACKAGE_BUGREPORT "sndfile@mega-nerd.com"
| #define PACKAGE_URL "http://www.mega-nerd.com/libsndfile/"
| #define PACKAGE "libsndfile"
| #define VERSION "1.0.26"
| #define STDC_HEADERS 1
| #define HAVE_SYS_TYPES_H 1
| #define HAVE_SYS_STAT_H 1
| #define HAVE_STDLIB_H 1
| #define HAVE_STRING_H 1
| #define HAVE_MEMORY_H 1
| #define HAVE_STRINGS_H 1
| #define HAVE_INTTYPES_H 1
| #define HAVE_STDINT_H 1
| #define HAVE_UNISTD_H 1
| #define __EXTENSIONS__ 1
| #define _ALL_SOURCE 1
| #define _GNU_SOURCE 1
| #define _POSIX_PTHREAD_SEMANTICS 1
| #define _TANDEM_SOURCE 1
| #define HAVE_DLFCN_H 1
| #define LT_OBJDIR ".libs/"
| #define STDC_HEADERS 1
| /* end confdefs.h.  */
| #include <byteswap.h>
configure:16651: result: no
configure:16651: checking for byteswap.h
configure:16651: result: no
configure:16663: checking locale.h usability
configure:16663: gcc -c -g -O2  conftest.c >&5
configure:16663: $? = 0
configure:16663: result: yes
configure:16663: checking locale.h presence
configure:16663: gcc -E  conftest.c
configure:16663: $? = 0
configure:16663: result: yes
configure:16663: checking for locale.h
configure:16663: result: yes
configure:16675: checking sys/time.h usability
configure:16675: gcc -c -g -O2  conftest.c >&5
configure:16675: $? = 0
configure:16675: result: yes
configure:16675: checking sys/time.h presence
configure:16675: gcc -E  conftest.c
configure:16675: $? = 0
configure:16675: result: yes
configure:16675: checking for sys/time.h
configure:16675: result: yes
configure:16686: checking for sys/wait.h that is POSIX.1 compatible
configure:16712: gcc -c -g -O2  conftest.c >&5
configure:16712: $? = 0
configure:16719: result: yes
configure:16728: checking whether S_IRGRP is declared
configure:16728: gcc -c -g -O2  conftest.c >&5
configure:16728: $? = 0
configure:16728: result: yes
configure:16866: checking size of wchar_t
configure:16871: gcc -o conftest -g -O2   conftest.c  >&5
configure:16871: $? = 0
configure:16871: ./conftest
configure:16871: $? = 0
configure:16885: result: 4
configure:16899: checking size of short
configure:16904: gcc -o conftest -g -O2   conftest.c  >&5
configure:16904: $? = 0
configure:16904: ./conftest
configure:16904: $? = 0
configure:16918: result: 2
configure:16932: checking size of int
configure:16937: gcc -o conftest -g -O2   conftest.c  >&5
configure:16937: $? = 0
configure:16937: ./conftest
configure:16937: $? = 0
configure:16951: result: 4
configure:16965: checking size of long
configure:16970: gcc -o conftest -g -O2   conftest.c  >&5
configure:16970: $? = 0
configure:16970: ./conftest
configure:16970: $? = 0
configure:16984: result: 8
configure:16998: checking size of float
configure:17003: gcc -o conftest -g -O2   conftest.c  >&5
configure:17003: $? = 0
configure:17003: ./conftest
configure:17003: $? = 0
configure:17017: result: 4
configure:17031: checking size of double
configure:17036: gcc -o conftest -g -O2   conftest.c  >&5
configure:17036: $? = 0
configure:17036: ./conftest
configure:17036: $? = 0
configure:17050: result: 8
configure:17064: checking size of void*
configure:17069: gcc -o conftest -g -O2   conftest.c  >&5
configure:17069: $? = 0
configure:17069: ./conftest
configure:17069: $? = 0
configure:17083: result: 8
configure:17097: checking size of size_t
configure:17102: gcc -o conftest -g -O2   conftest.c  >&5
configure:17102: $? = 0
configure:17102: ./conftest
configure:17102: $? = 0
configure:17116: result: 8
configure:17130: checking size of int64_t
configure:17135: gcc -o conftest -g -O2   conftest.c  >&5
configure:17135: $? = 0
configure:17135: ./conftest
configure:17135: $? = 0
configure:17149: result: 8
configure:17163: checking size of long long
configure:17168: gcc -o conftest -g -O2   conftest.c  >&5
configure:17168: $? = 0
configure:17168: ./conftest
configure:17168: $? = 0
configure:17182: result: 8
configure:17204: checking size of off_t
configure:17209: gcc -o conftest -g -O2   conftest.c  >&5
configure:17209: $? = 0
configure:17209: ./conftest
configure:17209: $? = 0
configure:17223: result: 8
configure:17237: checking size of loff_t
configure:17242: gcc -o conftest -g -O2   conftest.c  >&5
conftest.c:79:57: error: use of undeclared identifier 'loff_t'
static long int longval () { return (long int) (sizeof (loff_t)); }
                                                        ^
conftest.c:80:67: error: use of undeclared identifier 'loff_t'
static unsigned long int ulongval () { return (long int) (sizeof (loff_t)); }
                                                                  ^
conftest.c:90:28: error: use of undeclared identifier 'loff_t'
  if (((long int) (sizeof (loff_t))) < 0)
                           ^
conftest.c:93:37: error: use of undeclared identifier 'loff_t'
      if (i != ((long int) (sizeof (loff_t))))
                                    ^
conftest.c:100:37: error: use of undeclared identifier 'loff_t'
      if (i != ((long int) (sizeof (loff_t))))
                                    ^
5 errors generated.
configure:17242: $? = 1
configure: program exited with status 1
configure: failed program was:
| /* confdefs.h */
| #define PACKAGE_NAME "libsndfile"
| #define PACKAGE_TARNAME "libsndfile"
| #define PACKAGE_VERSION "1.0.26"
| #define PACKAGE_STRING "libsndfile 1.0.26"
| #define PACKAGE_BUGREPORT "sndfile@mega-nerd.com"
| #define PACKAGE_URL "http://www.mega-nerd.com/libsndfile/"
| #define PACKAGE "libsndfile"
| #define VERSION "1.0.26"
| #define STDC_HEADERS 1
| #define HAVE_SYS_TYPES_H 1
| #define HAVE_SYS_STAT_H 1
| #define HAVE_STDLIB_H 1
| #define HAVE_STRING_H 1
| #define HAVE_MEMORY_H 1
| #define HAVE_STRINGS_H 1
| #define HAVE_INTTYPES_H 1
| #define HAVE_STDINT_H 1
| #define HAVE_UNISTD_H 1
| #define __EXTENSIONS__ 1
| #define _ALL_SOURCE 1
| #define _GNU_SOURCE 1
| #define _POSIX_PTHREAD_SEMANTICS 1
| #define _TANDEM_SOURCE 1
| #define HAVE_DLFCN_H 1
| #define LT_OBJDIR ".libs/"
| #define STDC_HEADERS 1
| #define HAVE_LOCALE_H 1
| #define HAVE_SYS_TIME_H 1
| #define HAVE_SYS_WAIT_H 1
| #define HAVE_DECL_S_IRGRP 1
| #define HAVE_DECL_S_IRGRP 1
| #define ENABLE_EXPERIMENTAL_CODE 0
| #define SIZEOF_WCHAR_T 4
| #define SIZEOF_SHORT 2
| #define SIZEOF_INT 4
| #define SIZEOF_LONG 8
| #define SIZEOF_FLOAT 4
| #define SIZEOF_DOUBLE 8
| #define SIZEOF_VOIDP 8
| #define SIZEOF_SIZE_T 8
| #define SIZEOF_INT64_T 8
| #define SIZEOF_LONG_LONG 8
| #define SIZEOF_OFF_T 8
| /* end confdefs.h.  */
| #include <stdio.h>
| #ifdef HAVE_SYS_TYPES_H
| # include <sys/types.h>
| #endif
| #ifdef HAVE_SYS_STAT_H
| # include <sys/stat.h>
| #endif
| #ifdef STDC_HEADERS
| # include <stdlib.h>
| # include <stddef.h>
| #else
| # ifdef HAVE_STDLIB_H
| #  include <stdlib.h>
| # endif
| #endif
| #ifdef HAVE_STRING_H
| # if !defined STDC_HEADERS && defined HAVE_MEMORY_H
| #  include <memory.h>
| # endif
| # include <string.h>
| #endif
| #ifdef HAVE_STRINGS_H
| # include <strings.h>
| #endif
| #ifdef HAVE_INTTYPES_H
| # include <inttypes.h>
| #endif
| #ifdef HAVE_STDINT_H
| # include <stdint.h>
| #endif
| #ifdef HAVE_UNISTD_H
| # include <unistd.h>
| #endif
| static long int longval () { return (long int) (sizeof (loff_t)); }
| static unsigned long int ulongval () { return (long int) (sizeof (loff_t)); }
| #include <stdio.h>
| #include <stdlib.h>
| int
| main ()
| {
| 
|   FILE *f = fopen ("conftest.val", "w");
|   if (! f)
|     return 1;
|   if (((long int) (sizeof (loff_t))) < 0)
|     {
|       long int i = longval ();
|       if (i != ((long int) (sizeof (loff_t))))
| 	return 1;
|       fprintf (f, "%ld", i);
|     }
|   else
|     {
|       unsigned long int i = ulongval ();
|       if (i != ((long int) (sizeof (loff_t))))
| 	return 1;
|       fprintf (f, "%lu", i);
|     }
|   /* Do not output a trailing newline, as this causes \r\n confusion
|      on some platforms.  */
|   return ferror (f) || fclose (f) != 0;
| 
|   ;
|   return 0;
| }
configure:17256: result: 0
configure:17270: checking size of off64_t
configure:17275: gcc -o conftest -g -O2   conftest.c  >&5
conftest.c:80:57: error: use of undeclared identifier 'off64_t'
static long int longval () { return (long int) (sizeof (off64_t)); }
                                                        ^
conftest.c:81:67: error: use of undeclared identifier 'off64_t'
static unsigned long int ulongval () { return (long int) (sizeof (off64_t)); }
                                                                  ^
conftest.c:91:28: error: use of undeclared identifier 'off64_t'
  if (((long int) (sizeof (off64_t))) < 0)
                           ^
conftest.c:94:37: error: use of undeclared identifier 'off64_t'
      if (i != ((long int) (sizeof (off64_t))))
                                    ^
conftest.c:101:37: error: use of undeclared identifier 'off64_t'
      if (i != ((long int) (sizeof (off64_t))))
                                    ^
5 errors generated.
configure:17275: $? = 1
configure: program exited with status 1
configure: failed program was:
| /* confdefs.h */
| #define PACKAGE_NAME "libsndfile"
| #define PACKAGE_TARNAME "libsndfile"
| #define PACKAGE_VERSION "1.0.26"
| #define PACKAGE_STRING "libsndfile 1.0.26"
| #define PACKAGE_BUGREPORT "sndfile@mega-nerd.com"
| #define PACKAGE_URL "http://www.mega-nerd.com/libsndfile/"
| #define PACKAGE "libsndfile"
| #define VERSION "1.0.26"
| #define STDC_HEADERS 1
| #define HAVE_SYS_TYPES_H 1
| #define HAVE_SYS_STAT_H 1
| #define HAVE_STDLIB_H 1
| #define HAVE_STRING_H 1
| #define HAVE_MEMORY_H 1
| #define HAVE_STRINGS_H 1
| #define HAVE_INTTYPES_H 1
| #define HAVE_STDINT_H 1
| #define HAVE_UNISTD_H 1
| #define __EXTENSIONS__ 1
| #define _ALL_SOURCE 1
| #define _GNU_SOURCE 1
| #define _POSIX_PTHREAD_SEMANTICS 1
| #define _TANDEM_SOURCE 1
| #define HAVE_DLFCN_H 1
| #define LT_OBJDIR ".libs/"
| #define STDC_HEADERS 1
| #define HAVE_LOCALE_H 1
| #define HAVE_SYS_TIME_H 1
| #define HAVE_SYS_WAIT_H 1
| #define HAVE_DECL_S_IRGRP 1
| #define HAVE_DECL_S_IRGRP 1
| #define ENABLE_EXPERIMENTAL_CODE 0
| #define SIZEOF_WCHAR_T 4
| #define SIZEOF_SHORT 2
| #define SIZEOF_INT 4
| #define SIZEOF_LONG 8
| #define SIZEOF_FLOAT 4
| #define SIZEOF_DOUBLE 8
| #define SIZEOF_VOIDP 8
| #define SIZEOF_SIZE_T 8
| #define SIZEOF_INT64_T 8
| #define SIZEOF_LONG_LONG 8
| #define SIZEOF_OFF_T 8
| #define SIZEOF_LOFF_T 0
| /* end confdefs.h.  */
| #include <stdio.h>
| #ifdef HAVE_SYS_TYPES_H
| # include <sys/types.h>
| #endif
| #ifdef HAVE_SYS_STAT_H
| # include <sys/stat.h>
| #endif
| #ifdef STDC_HEADERS
| # include <stdlib.h>
| # include <stddef.h>
| #else
| # ifdef HAVE_STDLIB_H
| #  include <stdlib.h>
| # endif
| #endif
| #ifdef HAVE_STRING_H
| # if !defined STDC_HEADERS && defined HAVE_MEMORY_H
| #  include <memory.h>
| # endif
| # include <string.h>
| #endif
| #ifdef HAVE_STRINGS_H
| # include <strings.h>
| #endif
| #ifdef HAVE_INTTYPES_H
| # include <inttypes.h>
| #endif
| #ifdef HAVE_STDINT_H
| # include <stdint.h>
| #endif
| #ifdef HAVE_UNISTD_H
| # include <unistd.h>
| #endif
| static long int longval () { return (long int) (sizeof (off64_t)); }
| static unsigned long int ulongval () { return (long int) (sizeof (off64_t)); }
| #include <stdio.h>
| #include <stdlib.h>
| int
| main ()
| {
| 
|   FILE *f = fopen ("conftest.val", "w");
|   if (! f)
|     return 1;
|   if (((long int) (sizeof (off64_t))) < 0)
|     {
|       long int i = longval ();
|       if (i != ((long int) (sizeof (off64_t))))
| 	return 1;
|       fprintf (f, "%ld", i);
|     }
|   else
|     {
|       unsigned long int i = ulongval ();
|       if (i != ((long int) (sizeof (off64_t))))
| 	return 1;
|       fprintf (f, "%lu", i);
|     }
|   /* Do not output a trailing newline, as this causes \r\n confusion
|      on some platforms.  */
|   return ferror (f) || fclose (f) != 0;
| 
|   ;
|   return 0;
| }
configure:17289: result: 0
configure:17624: checking for ssize_t
configure:17624: gcc -c -g -O2  conftest.c >&5
configure:17624: $? = 0
configure:17624: gcc -c -g -O2  conftest.c >&5
conftest.c:87:22: error: expected expression
if (sizeof ((ssize_t)))
                     ^
1 error generated.
configure:17624: $? = 1
configure: failed program was:
| /* confdefs.h */
| #define PACKAGE_NAME "libsndfile"
| #define PACKAGE_TARNAME "libsndfile"
| #define PACKAGE_VERSION "1.0.26"
| #define PACKAGE_STRING "libsndfile 1.0.26"
| #define PACKAGE_BUGREPORT "sndfile@mega-nerd.com"
| #define PACKAGE_URL "http://www.mega-nerd.com/libsndfile/"
| #define PACKAGE "libsndfile"
| #define VERSION "1.0.26"
| #define STDC_HEADERS 1
| #define HAVE_SYS_TYPES_H 1
| #define HAVE_SYS_STAT_H 1
| #define HAVE_STDLIB_H 1
| #define HAVE_STRING_H 1
| #define HAVE_MEMORY_H 1
| #define HAVE_STRINGS_H 1
| #define HAVE_INTTYPES_H 1
| #define HAVE_STDINT_H 1
| #define HAVE_UNISTD_H 1
| #define __EXTENSIONS__ 1
| #define _ALL_SOURCE 1
| #define _GNU_SOURCE 1
| #define _POSIX_PTHREAD_SEMANTICS 1
| #define _TANDEM_SOURCE 1
| #define HAVE_DLFCN_H 1
| #define LT_OBJDIR ".libs/"
| #define STDC_HEADERS 1
| #define HAVE_LOCALE_H 1
| #define HAVE_SYS_TIME_H 1
| #define HAVE_SYS_WAIT_H 1
| #define HAVE_DECL_S_IRGRP 1
| #define HAVE_DECL_S_IRGRP 1
| #define ENABLE_EXPERIMENTAL_CODE 0
| #define SIZEOF_WCHAR_T 4
| #define SIZEOF_SHORT 2
| #define SIZEOF_INT 4
| #define SIZEOF_LONG 8
| #define SIZEOF_FLOAT 4
| #define SIZEOF_DOUBLE 8
| #define SIZEOF_VOIDP 8
| #define SIZEOF_SIZE_T 8
| #define SIZEOF_INT64_T 8
| #define SIZEOF_LONG_LONG 8
| #define SIZEOF_OFF_T 8
| #define SIZEOF_LOFF_T 0
| #define SIZEOF_OFF64_T 0
| #define TYPEOF_SF_COUNT_T int64_t
| #define SIZEOF_SF_COUNT_T 8
| #define SF_COUNT_MAX 0x7FFFFFFFFFFFFFFFLL
| /* end confdefs.h.  */
| #include <stdio.h>
| #ifdef HAVE_SYS_TYPES_H
| # include <sys/types.h>
| #endif
| #ifdef HAVE_SYS_STAT_H
| # include <sys/stat.h>
| #endif
| #ifdef STDC_HEADERS
| # include <stdlib.h>
| # include <stddef.h>
| #else
| # ifdef HAVE_STDLIB_H
| #  include <stdlib.h>
| # endif
| #endif
| #ifdef HAVE_STRING_H
| # if !defined STDC_HEADERS && defined HAVE_MEMORY_H
| #  include <memory.h>
| # endif
| # include <string.h>
| #endif
| #ifdef HAVE_STRINGS_H
| # include <strings.h>
| #endif
| #ifdef HAVE_INTTYPES_H
| # include <inttypes.h>
| #endif
| #ifdef HAVE_STDINT_H
| # include <stdint.h>
| #endif
| #ifdef HAVE_UNISTD_H
| # include <unistd.h>
| #endif
| int
| main ()
| {
| if (sizeof ((ssize_t)))
| 	    return 0;
|   ;
|   return 0;
| }
configure:17624: result: yes
configure:17638: checking size of ssize_t
configure:17643: gcc -o conftest -g -O2   conftest.c  >&5
configure:17643: $? = 0
configure:17643: ./conftest
configure:17643: $? = 0
configure:17657: result: 8
configure:17671: checking processor byte ordering
configure:17750: gcc -o conftest -g -O2   conftest.c  >&5
configure:17750: $? = 0
configure:17768: gcc -o conftest -g -O2   conftest.c  >&5
configure:17768: $? = 0
configure:17792: gcc -o conftest -g -O2   conftest.c  >&5
configure:17792: $? = 0
configure:17885: result: little
configure:17935: checking for malloc
configure:17935: gcc -o conftest -g -O2   conftest.c  >&5
conftest.c:79:6: warning: incompatible redeclaration of library function 'malloc' [-Wincompatible-library-redeclaration]
char malloc ();
     ^
conftest.c:79:6: note: 'malloc' is a builtin with type 'void *(unsigned long)'
1 warning generated.
configure:17935: $? = 0
configure:17935: result: yes
configure:17935: checking for calloc
configure:17935: gcc -o conftest -g -O2   conftest.c  >&5
conftest.c:80:6: warning: incompatible redeclaration of library function 'calloc' [-Wincompatible-library-redeclaration]
char calloc ();
     ^
conftest.c:80:6: note: 'calloc' is a builtin with type 'void *(unsigned long, unsigned long)'
1 warning generated.
configure:17935: $? = 0
configure:17935: result: yes
configure:17935: checking for realloc
configure:17935: gcc -o conftest -g -O2   conftest.c  >&5
conftest.c:81:6: warning: incompatible redeclaration of library function 'realloc' [-Wincompatible-library-redeclaration]
char realloc ();
     ^
conftest.c:81:6: note: 'realloc' is a builtin with type 'void *(void *, unsigned long)'
1 warning generated.
configure:17935: $? = 0
configure:17935: result: yes
configure:17935: checking for free
configure:17935: gcc -o conftest -g -O2   conftest.c  >&5
configure:17935: $? = 0
configure:17935: result: yes
configure:17947: checking for open
configure:17947: gcc -o conftest -g -O2   conftest.c  >&5
configure:17947: $? = 0
configure:17947: result: yes
configure:17947: checking for read
configure:17947: gcc -o conftest -g -O2   conftest.c  >&5
configure:17947: $? = 0
configure:17947: result: yes
configure:17947: checking for write
configure:17947: gcc -o conftest -g -O2   conftest.c  >&5
configure:17947: $? = 0
configure:17947: result: yes
configure:17947: checking for lseek
configure:17947: gcc -o conftest -g -O2   conftest.c  >&5
configure:17947: $? = 0
configure:17947: result: yes
configure:17947: checking for lseek64
configure:17947: gcc -o conftest -g -O2   conftest.c  >&5
Undefined symbols for architecture x86_64:
  "_lseek64", referenced from:
      _main in conftest-c8d918.o
ld: symbol(s) not found for architecture x86_64
clang: error: linker command failed with exit code 1 (use -v to see invocation)
configure:17947: $? = 1
configure: failed program was:
| /* confdefs.h */
| #define PACKAGE_NAME "libsndfile"
| #define PACKAGE_TARNAME "libsndfile"
| #define PACKAGE_VERSION "1.0.26"
| #define PACKAGE_STRING "libsndfile 1.0.26"
| #define PACKAGE_BUGREPORT "sndfile@mega-nerd.com"
| #define PACKAGE_URL "http://www.mega-nerd.com/libsndfile/"
| #define PACKAGE "libsndfile"
| #define VERSION "1.0.26"
| #define STDC_HEADERS 1
| #define HAVE_SYS_TYPES_H 1
| #define HAVE_SYS_STAT_H 1
| #define HAVE_STDLIB_H 1
| #define HAVE_STRING_H 1
| #define HAVE_MEMORY_H 1
| #define HAVE_STRINGS_H 1
| #define HAVE_INTTYPES_H 1
| #define HAVE_STDINT_H 1
| #define HAVE_UNISTD_H 1
| #define __EXTENSIONS__ 1
| #define _ALL_SOURCE 1
| #define _GNU_SOURCE 1
| #define _POSIX_PTHREAD_SEMANTICS 1
| #define _TANDEM_SOURCE 1
| #define HAVE_DLFCN_H 1
| #define LT_OBJDIR ".libs/"
| #define STDC_HEADERS 1
| #define HAVE_LOCALE_H 1
| #define HAVE_SYS_TIME_H 1
| #define HAVE_SYS_WAIT_H 1
| #define HAVE_DECL_S_IRGRP 1
| #define HAVE_DECL_S_IRGRP 1
| #define ENABLE_EXPERIMENTAL_CODE 0
| #define SIZEOF_WCHAR_T 4
| #define SIZEOF_SHORT 2
| #define SIZEOF_INT 4
| #define SIZEOF_LONG 8
| #define SIZEOF_FLOAT 4
| #define SIZEOF_DOUBLE 8
| #define SIZEOF_VOIDP 8
| #define SIZEOF_SIZE_T 8
| #define SIZEOF_INT64_T 8
| #define SIZEOF_LONG_LONG 8
| #define SIZEOF_OFF_T 8
| #define SIZEOF_LOFF_T 0
| #define SIZEOF_OFF64_T 0
| #define TYPEOF_SF_COUNT_T int64_t
| #define SIZEOF_SF_COUNT_T 8
| #define SF_COUNT_MAX 0x7FFFFFFFFFFFFFFFLL
| #define HAVE_SSIZE_T 1
| #define SIZEOF_SSIZE_T 8
| #define CPU_IS_BIG_ENDIAN 0
| #define CPU_IS_LITTLE_ENDIAN 1
| #define WORDS_BIGENDIAN 0
| #define HAVE_MALLOC 1
| #define HAVE_CALLOC 1
| #define HAVE_REALLOC 1
| #define HAVE_FREE 1
| #define HAVE_OPEN 1
| #define HAVE_READ 1
| #define HAVE_WRITE 1
| #define HAVE_LSEEK 1
| /* end confdefs.h.  */
| /* Define lseek64 to an innocuous variant, in case <limits.h> declares lseek64.
|    For example, HP-UX 11i <limits.h> declares gettimeofday.  */
| #define lseek64 innocuous_lseek64
| 
| /* System header to define __stub macros and hopefully few prototypes,
|     which can conflict with char lseek64 (); below.
|     Prefer <limits.h> to <assert.h> if __STDC__ is defined, since
|     <limits.h> exists even on freestanding compilers.  */
| 
| #ifdef __STDC__
| # include <limits.h>
| #else
| # include <assert.h>
| #endif
| 
| #undef lseek64
| 
| /* Override any GCC internal prototype to avoid an error.
|    Use char because int might match the return type of a GCC
|    builtin and then its argument prototype would still apply.  */
| #ifdef __cplusplus
| extern "C"
| #endif
| char lseek64 ();
| /* The GNU C library defines this for functions which it implements
|     to always fail with ENOSYS.  Some functions are actually named
|     something starting with __ and the normal name is an alias.  */
| #if defined __stub_lseek64 || defined __stub___lseek64
| choke me
| #endif
| 
| int
| main ()
| {
| return lseek64 ();
|   ;
|   return 0;
| }
configure:17947: result: no
configure:17959: checking for fstat
configure:17959: gcc -o conftest -g -O2   conftest.c  >&5
configure:17959: $? = 0
configure:17959: result: yes
configure:17959: checking for fstat64
configure:17959: gcc -o conftest -g -O2   conftest.c  >&5
configure:17959: $? = 0
configure:17959: result: yes
configure:17959: checking for ftruncate
configure:17959: gcc -o conftest -g -O2   conftest.c  >&5
configure:17959: $? = 0
configure:17959: result: yes
configure:17959: checking for fsync
configure:17959: gcc -o conftest -g -O2   conftest.c  >&5
configure:17959: $? = 0
configure:17959: result: yes
configure:17971: checking for snprintf
configure:17971: gcc -o conftest -g -O2   conftest.c  >&5
conftest.c:91:6: warning: incompatible redeclaration of library function 'snprintf' [-Wincompatible-library-redeclaration]
char snprintf ();
     ^
conftest.c:91:6: note: 'snprintf' is a builtin with type 'int (char *, unsigned long, const char *, ...)'
1 warning generated.
configure:17971: $? = 0
configure:17971: result: yes
configure:17971: checking for vsnprintf
configure:17971: gcc -o conftest -g -O2   conftest.c  >&5
conftest.c:92:6: warning: incompatible redeclaration of library function 'vsnprintf' [-Wincompatible-library-redeclaration]
char vsnprintf ();
     ^
conftest.c:92:6: note: 'vsnprintf' is a builtin with type 'int (char *, unsigned long, const char *, __va_list_tag *)'
1 warning generated.
configure:17971: $? = 0
configure:17971: result: yes
configure:17983: checking for gmtime
configure:17983: gcc -o conftest -g -O2   conftest.c  >&5
configure:17983: $? = 0
configure:17983: result: yes
configure:17983: checking for gmtime_r
configure:17983: gcc -o conftest -g -O2   conftest.c  >&5
configure:17983: $? = 0
configure:17983: result: yes
configure:17983: checking for localtime
configure:17983: gcc -o conftest -g -O2   conftest.c  >&5
configure:17983: $? = 0
configure:17983: result: yes
configure:17983: checking for localtime_r
configure:17983: gcc -o conftest -g -O2   conftest.c  >&5
configure:17983: $? = 0
configure:17983: result: yes
configure:17983: checking for gettimeofday
configure:17983: gcc -o conftest -g -O2   conftest.c  >&5
configure:17983: $? = 0
configure:17983: result: yes
configure:17995: checking for mmap
configure:17995: gcc -o conftest -g -O2   conftest.c  >&5
configure:17995: $? = 0
configure:17995: result: yes
configure:17995: checking for getpagesize
configure:17995: gcc -o conftest -g -O2   conftest.c  >&5
configure:17995: $? = 0
configure:17995: result: yes
configure:18006: checking for setlocale
configure:18006: gcc -o conftest -g -O2   conftest.c  >&5
configure:18006: $? = 0
configure:18006: result: yes
configure:18018: checking for pipe
configure:18018: gcc -o conftest -g -O2   conftest.c  >&5
configure:18018: $? = 0
configure:18018: result: yes
configure:18018: checking for waitpid
configure:18018: gcc -o conftest -g -O2   conftest.c  >&5
configure:18018: $? = 0
configure:18018: result: yes
configure:18028: checking for floor in -lm
configure:18053: gcc -o conftest -g -O2   conftest.c -lm   >&5
conftest.c:87:6: warning: incompatible redeclaration of library function 'floor' [-Wincompatible-library-redeclaration]
char floor ();
     ^
conftest.c:87:6: note: 'floor' is a builtin with type 'double (double)'
1 warning generated.
configure:18053: $? = 0
configure:18062: result: yes
configure:18076: checking for floor
configure:18076: gcc -o conftest -g -O2   conftest.c -lm  >&5
conftest.c:104:6: warning: incompatible redeclaration of library function 'floor' [-Wincompatible-library-redeclaration]
char floor ();
     ^
conftest.c:104:6: note: 'floor' is a builtin with type 'double (double)'
1 warning generated.
configure:18076: $? = 0
configure:18076: result: yes
configure:18076: checking for ceil
configure:18076: gcc -o conftest -g -O2   conftest.c -lm  >&5
conftest.c:105:6: warning: incompatible redeclaration of library function 'ceil' [-Wincompatible-library-redeclaration]
char ceil ();
     ^
conftest.c:105:6: note: 'ceil' is a builtin with type 'double (double)'
1 warning generated.
configure:18076: $? = 0
configure:18076: result: yes
configure:18076: checking for fmod
configure:18076: gcc -o conftest -g -O2   conftest.c -lm  >&5
conftest.c:106:6: warning: incompatible redeclaration of library function 'fmod' [-Wincompatible-library-redeclaration]
char fmod ();
     ^
conftest.c:106:6: note: 'fmod' is a builtin with type 'double (double, double)'
1 warning generated.
configure:18076: $? = 0
configure:18076: result: yes
configure:18076: checking for lround
configure:18076: gcc -o conftest -g -O2   conftest.c -lm  >&5
conftest.c:107:6: warning: incompatible redeclaration of library function 'lround' [-Wincompatible-library-redeclaration]
char lround ();
     ^
conftest.c:107:6: note: 'lround' is a builtin with type 'long (double)'
1 warning generated.
configure:18076: $? = 0
configure:18076: result: yes
configure:18086: checking for lrint
configure:18112: gcc -o conftest -lm   conftest.c -lm  >&5
conftest.c:96:22: warning: ignoring return value of function declared with const attribute [-Wunused-value]
if (!lrint(3.14159)) lrint(2.7183);
                     ^~~~~ ~~~~~~
1 warning generated.
configure:18112: $? = 0
configure:18124: result: yes
configure:18133: checking for lrintf
configure:18159: gcc -o conftest -lm   conftest.c -lm  >&5
conftest.c:97:23: warning: ignoring return value of function declared with const attribute [-Wunused-value]
if (!lrintf(3.14159)) lrintf(2.7183);
                      ^~~~~~ ~~~~~~
1 warning generated.
configure:18159: $? = 0
configure:18171: result: yes
configure:18212: checking for octave
configure:18240: result: no
configure:18279: checking for mkoctfile
configure:18307: result: no
configure:18343: checking for octave-config
configure:18371: result: no
configure:18518: checking for pkg-config
configure:18536: found /usr/local/bin/pkg-config
configure:18548: result: /usr/local/bin/pkg-config
configure:18573: checking pkg-config is at least version 0.9.0
configure:18576: result: yes
configure:18607: checking for flac >= 1.3.1 
configure:18614: $PKG_CONFIG --exists --print-errors "flac >= 1.3.1"
Package flac was not found in the pkg-config search path.
Perhaps you should add the directory containing `flac.pc'
to the PKG_CONFIG_PATH environment variable
No package 'flac' found
configure:18617: $? = 1
configure:18631: $PKG_CONFIG --exists --print-errors "flac >= 1.3.1"
Package flac was not found in the pkg-config search path.
Perhaps you should add the directory containing `flac.pc'
to the PKG_CONFIG_PATH environment variable
No package 'flac' found
configure:18634: $? = 1
configure:18665: gcc -o conftest -g -O2    conftest.c -lm   >&5
conftest.c:91:1: warning: implicit declaration of function 'puts' is invalid in C99 [-Wimplicit-function-declaration]
puts ("");
^
1 warning generated.
configure:18665: $? = 0
No package 'flac' found
configure:18698: result: no
configure:18716: checking for ogg >= 1.1.3 
configure:18723: $PKG_CONFIG --exists --print-errors "ogg >= 1.1.3"
Package ogg was not found in the pkg-config search path.
Perhaps you should add the directory containing `ogg.pc'
to the PKG_CONFIG_PATH environment variable
No package 'ogg' found
configure:18726: $? = 1
configure:18740: $PKG_CONFIG --exists --print-errors "ogg >= 1.1.3"
Package ogg was not found in the pkg-config search path.
Perhaps you should add the directory containing `ogg.pc'
to the PKG_CONFIG_PATH environment variable
No package 'ogg' found
configure:18743: $? = 1
configure:18774: gcc -o conftest -g -O2    conftest.c -lm   >&5
conftest.c:91:1: warning: implicit declaration of function 'puts' is invalid in C99 [-Wimplicit-function-declaration]
puts ("");
^
1 warning generated.
configure:18774: $? = 0
No package 'ogg' found
configure:18807: result: no
configure:18936: checking for vorbis >= 1.2.3 
configure:18943: $PKG_CONFIG --exists --print-errors "vorbis >= 1.2.3"
Package vorbis was not found in the pkg-config search path.
Perhaps you should add the directory containing `vorbis.pc'
to the PKG_CONFIG_PATH environment variable
No package 'vorbis' found
configure:18946: $? = 1
configure:18960: $PKG_CONFIG --exists --print-errors "vorbis >= 1.2.3"
Package vorbis was not found in the pkg-config search path.
Perhaps you should add the directory containing `vorbis.pc'
to the PKG_CONFIG_PATH environment variable
No package 'vorbis' found
configure:18963: $? = 1
configure:18994: gcc -o conftest -g -O2    conftest.c -lm   >&5
conftest.c:91:1: warning: implicit declaration of function 'puts' is invalid in C99 [-Wimplicit-function-declaration]
puts ("");
^
1 warning generated.
configure:18994: $? = 0
No package 'vorbis' found
configure:19027: result: no
configure:19041: checking for vorbisenc >= 1.2.3 
configure:19048: $PKG_CONFIG --exists --print-errors "vorbisenc >= 1.2.3"
Package vorbisenc was not found in the pkg-config search path.
Perhaps you should add the directory containing `vorbisenc.pc'
to the PKG_CONFIG_PATH environment variable
No package 'vorbisenc' found
configure:19051: $? = 1
configure:19065: $PKG_CONFIG --exists --print-errors "vorbisenc >= 1.2.3"
Package vorbisenc was not found in the pkg-config search path.
Perhaps you should add the directory containing `vorbisenc.pc'
to the PKG_CONFIG_PATH environment variable
No package 'vorbisenc' found
configure:19068: $? = 1
configure:19099: gcc -o conftest -g -O2    conftest.c -lm   >&5
conftest.c:91:1: warning: implicit declaration of function 'puts' is invalid in C99 [-Wimplicit-function-declaration]
puts ("");
^
1 warning generated.
configure:19099: $? = 0
No package 'vorbisenc' found
configure:19132: result: no
configure:19155: WARNING: *** One or more of the external libraries (ie libflac, libogg and
configure:19157: WARNING: *** libvorbis) is either missing (possibly only the development
configure:19159: WARNING: *** headers) or is of an unsupported version.
configure:19161: WARNING: ***
configure:19163: WARNING: *** Unfortunately, for ease of maintenance, the external libs
configure:19165: WARNING: *** are an all or nothing affair.
configure:19185: checking for sqlite3 >= 3.2 
configure:19192: $PKG_CONFIG --exists --print-errors "sqlite3 >= 3.2"
Package sqlite3 was not found in the pkg-config search path.
Perhaps you should add the directory containing `sqlite3.pc'
to the PKG_CONFIG_PATH environment variable
No package 'sqlite3' found
configure:19195: $? = 1
configure:19209: $PKG_CONFIG --exists --print-errors "sqlite3 >= 3.2"
Package sqlite3 was not found in the pkg-config search path.
Perhaps you should add the directory containing `sqlite3.pc'
to the PKG_CONFIG_PATH environment variable
No package 'sqlite3' found
configure:19212: $? = 1
configure:19243: gcc -o conftest -g -O2    conftest.c -lm   >&5
conftest.c:92:1: warning: implicit declaration of function 'puts' is invalid in C99 [-Wimplicit-function-declaration]
puts ("");
^
1 warning generated.
configure:19243: $? = 0
No package 'sqlite3' found
configure:19276: result: no
configure:19306: checking processor clipping capabilities
configure:19346: gcc -o conftest -g -O2   conftest.c -lm  >&5
configure:19346: $? = 0
configure:19346: ./conftest
configure:19346: $? = 1
configure: program exited with status 1
configure: failed program was:
| /* confdefs.h */
| #define PACKAGE_NAME "libsndfile"
| #define PACKAGE_TARNAME "libsndfile"
| #define PACKAGE_VERSION "1.0.26"
| #define PACKAGE_STRING "libsndfile 1.0.26"
| #define PACKAGE_BUGREPORT "sndfile@mega-nerd.com"
| #define PACKAGE_URL "http://www.mega-nerd.com/libsndfile/"
| #define PACKAGE "libsndfile"
| #define VERSION "1.0.26"
| #define STDC_HEADERS 1
| #define HAVE_SYS_TYPES_H 1
| #define HAVE_SYS_STAT_H 1
| #define HAVE_STDLIB_H 1
| #define HAVE_STRING_H 1
| #define HAVE_MEMORY_H 1
| #define HAVE_STRINGS_H 1
| #define HAVE_INTTYPES_H 1
| #define HAVE_STDINT_H 1
| #define HAVE_UNISTD_H 1
| #define __EXTENSIONS__ 1
| #define _ALL_SOURCE 1
| #define _GNU_SOURCE 1
| #define _POSIX_PTHREAD_SEMANTICS 1
| #define _TANDEM_SOURCE 1
| #define HAVE_DLFCN_H 1
| #define LT_OBJDIR ".libs/"
| #define STDC_HEADERS 1
| #define HAVE_LOCALE_H 1
| #define HAVE_SYS_TIME_H 1
| #define HAVE_SYS_WAIT_H 1
| #define HAVE_DECL_S_IRGRP 1
| #define HAVE_DECL_S_IRGRP 1
| #define ENABLE_EXPERIMENTAL_CODE 0
| #define SIZEOF_WCHAR_T 4
| #define SIZEOF_SHORT 2
| #define SIZEOF_INT 4
| #define SIZEOF_LONG 8
| #define SIZEOF_FLOAT 4
| #define SIZEOF_DOUBLE 8
| #define SIZEOF_VOIDP 8
| #define SIZEOF_SIZE_T 8
| #define SIZEOF_INT64_T 8
| #define SIZEOF_LONG_LONG 8
| #define SIZEOF_OFF_T 8
| #define SIZEOF_LOFF_T 0
| #define SIZEOF_OFF64_T 0
| #define TYPEOF_SF_COUNT_T int64_t
| #define SIZEOF_SF_COUNT_T 8
| #define SF_COUNT_MAX 0x7FFFFFFFFFFFFFFFLL
| #define HAVE_SSIZE_T 1
| #define SIZEOF_SSIZE_T 8
| #define CPU_IS_BIG_ENDIAN 0
| #define CPU_IS_LITTLE_ENDIAN 1
| #define WORDS_BIGENDIAN 0
| #define HAVE_MALLOC 1
| #define HAVE_CALLOC 1
| #define HAVE_REALLOC 1
| #define HAVE_FREE 1
| #define HAVE_OPEN 1
| #define HAVE_READ 1
| #define HAVE_WRITE 1
| #define HAVE_LSEEK 1
| #define HAVE_FSTAT 1
| #define HAVE_FSTAT64 1
| #define HAVE_FTRUNCATE 1
| #define HAVE_FSYNC 1
| #define HAVE_SNPRINTF 1
| #define HAVE_VSNPRINTF 1
| #define HAVE_GMTIME 1
| #define HAVE_GMTIME_R 1
| #define HAVE_LOCALTIME 1
| #define HAVE_LOCALTIME_R 1
| #define HAVE_GETTIMEOFDAY 1
| #define HAVE_MMAP 1
| #define HAVE_GETPAGESIZE 1
| #define HAVE_SETLOCALE 1
| #define HAVE_PIPE 1
| #define HAVE_WAITPID 1
| #define HAVE_LIBM 1
| #define HAVE_FLOOR 1
| #define HAVE_CEIL 1
| #define HAVE_FMOD 1
| #define HAVE_LROUND 1
| #define HAVE_LRINT 1
| #define HAVE_LRINTF 1
| #define HAVE_EXTERNAL_LIBS 0
| #define HAVE_SQLITE3 0
| /* end confdefs.h.  */
| 
| 	#define	_ISOC9X_SOURCE	1
| 	#define _ISOC99_SOURCE	1
| 	#define	__USE_ISOC99	1
| 	#define __USE_ISOC9X	1
| 	#include <math.h>
| 	int main (void)
| 	{	double	fval ;
| 		int k, ival ;
| 
| 		fval = 1.0 * 0x7FFFFFFF ;
| 		for (k = 0 ; k < 100 ; k++)
| 		{	ival = (lrint (fval)) >> 24 ;
| 			if (ival != 127)
| 				return 1 ;
| 
| 			fval *= 1.2499999 ;
| 			} ;
| 
| 			return 0 ;
| 		}
| 
configure:19385: gcc -o conftest -g -O2   conftest.c -lm  >&5
configure:19385: $? = 0
configure:19385: ./conftest
configure:19385: $? = 1
configure: program exited with status 1
configure: failed program was:
| /* confdefs.h */
| #define PACKAGE_NAME "libsndfile"
| #define PACKAGE_TARNAME "libsndfile"
| #define PACKAGE_VERSION "1.0.26"
| #define PACKAGE_STRING "libsndfile 1.0.26"
| #define PACKAGE_BUGREPORT "sndfile@mega-nerd.com"
| #define PACKAGE_URL "http://www.mega-nerd.com/libsndfile/"
| #define PACKAGE "libsndfile"
| #define VERSION "1.0.26"
| #define STDC_HEADERS 1
| #define HAVE_SYS_TYPES_H 1
| #define HAVE_SYS_STAT_H 1
| #define HAVE_STDLIB_H 1
| #define HAVE_STRING_H 1
| #define HAVE_MEMORY_H 1
| #define HAVE_STRINGS_H 1
| #define HAVE_INTTYPES_H 1
| #define HAVE_STDINT_H 1
| #define HAVE_UNISTD_H 1
| #define __EXTENSIONS__ 1
| #define _ALL_SOURCE 1
| #define _GNU_SOURCE 1
| #define _POSIX_PTHREAD_SEMANTICS 1
| #define _TANDEM_SOURCE 1
| #define HAVE_DLFCN_H 1
| #define LT_OBJDIR ".libs/"
| #define STDC_HEADERS 1
| #define HAVE_LOCALE_H 1
| #define HAVE_SYS_TIME_H 1
| #define HAVE_SYS_WAIT_H 1
| #define HAVE_DECL_S_IRGRP 1
| #define HAVE_DECL_S_IRGRP 1
| #define ENABLE_EXPERIMENTAL_CODE 0
| #define SIZEOF_WCHAR_T 4
| #define SIZEOF_SHORT 2
| #define SIZEOF_INT 4
| #define SIZEOF_LONG 8
| #define SIZEOF_FLOAT 4
| #define SIZEOF_DOUBLE 8
| #define SIZEOF_VOIDP 8
| #define SIZEOF_SIZE_T 8
| #define SIZEOF_INT64_T 8
| #define SIZEOF_LONG_LONG 8
| #define SIZEOF_OFF_T 8
| #define SIZEOF_LOFF_T 0
| #define SIZEOF_OFF64_T 0
| #define TYPEOF_SF_COUNT_T int64_t
| #define SIZEOF_SF_COUNT_T 8
| #define SF_COUNT_MAX 0x7FFFFFFFFFFFFFFFLL
| #define HAVE_SSIZE_T 1
| #define SIZEOF_SSIZE_T 8
| #define CPU_IS_BIG_ENDIAN 0
| #define CPU_IS_LITTLE_ENDIAN 1
| #define WORDS_BIGENDIAN 0
| #define HAVE_MALLOC 1
| #define HAVE_CALLOC 1
| #define HAVE_REALLOC 1
| #define HAVE_FREE 1
| #define HAVE_OPEN 1
| #define HAVE_READ 1
| #define HAVE_WRITE 1
| #define HAVE_LSEEK 1
| #define HAVE_FSTAT 1
| #define HAVE_FSTAT64 1
| #define HAVE_FTRUNCATE 1
| #define HAVE_FSYNC 1
| #define HAVE_SNPRINTF 1
| #define HAVE_VSNPRINTF 1
| #define HAVE_GMTIME 1
| #define HAVE_GMTIME_R 1
| #define HAVE_LOCALTIME 1
| #define HAVE_LOCALTIME_R 1
| #define HAVE_GETTIMEOFDAY 1
| #define HAVE_MMAP 1
| #define HAVE_GETPAGESIZE 1
| #define HAVE_SETLOCALE 1
| #define HAVE_PIPE 1
| #define HAVE_WAITPID 1
| #define HAVE_LIBM 1
| #define HAVE_FLOOR 1
| #define HAVE_CEIL 1
| #define HAVE_FMOD 1
| #define HAVE_LROUND 1
| #define HAVE_LRINT 1
| #define HAVE_LRINTF 1
| #define HAVE_EXTERNAL_LIBS 0
| #define HAVE_SQLITE3 0
| /* end confdefs.h.  */
| 
| 	#define	_ISOC9X_SOURCE	1
| 	#define _ISOC99_SOURCE	1
| 	#define	__USE_ISOC99	1
| 	#define __USE_ISOC9X	1
| 	#include <math.h>
| 	int main (void)
| 	{	double	fval ;
| 		int k, ival ;
| 
| 		fval = -8.0 * 0x10000000 ;
| 		for (k = 0 ; k < 100 ; k++)
| 		{	ival = (lrint (fval)) >> 24 ;
| 			if (ival != -128)
| 				return 1 ;
| 
| 			fval *= 1.2499999 ;
| 			} ;
| 
| 			return 0 ;
| 		}
| 
configure:19427: result: none
configure:19517: checking alsa/asoundlib.h usability
configure:19517: gcc -c -g -O2  conftest.c >&5
conftest.c:128:10: fatal error: 'alsa/asoundlib.h' file not found
#include <alsa/asoundlib.h>
         ^
1 error generated.
configure:19517: $? = 1
configure: failed program was:
| /* confdefs.h */
| #define PACKAGE_NAME "libsndfile"
| #define PACKAGE_TARNAME "libsndfile"
| #define PACKAGE_VERSION "1.0.26"
| #define PACKAGE_STRING "libsndfile 1.0.26"
| #define PACKAGE_BUGREPORT "sndfile@mega-nerd.com"
| #define PACKAGE_URL "http://www.mega-nerd.com/libsndfile/"
| #define PACKAGE "libsndfile"
| #define VERSION "1.0.26"
| #define STDC_HEADERS 1
| #define HAVE_SYS_TYPES_H 1
| #define HAVE_SYS_STAT_H 1
| #define HAVE_STDLIB_H 1
| #define HAVE_STRING_H 1
| #define HAVE_MEMORY_H 1
| #define HAVE_STRINGS_H 1
| #define HAVE_INTTYPES_H 1
| #define HAVE_STDINT_H 1
| #define HAVE_UNISTD_H 1
| #define __EXTENSIONS__ 1
| #define _ALL_SOURCE 1
| #define _GNU_SOURCE 1
| #define _POSIX_PTHREAD_SEMANTICS 1
| #define _TANDEM_SOURCE 1
| #define HAVE_DLFCN_H 1
| #define LT_OBJDIR ".libs/"
| #define STDC_HEADERS 1
| #define HAVE_LOCALE_H 1
| #define HAVE_SYS_TIME_H 1
| #define HAVE_SYS_WAIT_H 1
| #define HAVE_DECL_S_IRGRP 1
| #define HAVE_DECL_S_IRGRP 1
| #define ENABLE_EXPERIMENTAL_CODE 0
| #define SIZEOF_WCHAR_T 4
| #define SIZEOF_SHORT 2
| #define SIZEOF_INT 4
| #define SIZEOF_LONG 8
| #define SIZEOF_FLOAT 4
| #define SIZEOF_DOUBLE 8
| #define SIZEOF_VOIDP 8
| #define SIZEOF_SIZE_T 8
| #define SIZEOF_INT64_T 8
| #define SIZEOF_LONG_LONG 8
| #define SIZEOF_OFF_T 8
| #define SIZEOF_LOFF_T 0
| #define SIZEOF_OFF64_T 0
| #define TYPEOF_SF_COUNT_T int64_t
| #define SIZEOF_SF_COUNT_T 8
| #define SF_COUNT_MAX 0x7FFFFFFFFFFFFFFFLL
| #define HAVE_SSIZE_T 1
| #define SIZEOF_SSIZE_T 8
| #define CPU_IS_BIG_ENDIAN 0
| #define CPU_IS_LITTLE_ENDIAN 1
| #define WORDS_BIGENDIAN 0
| #define HAVE_MALLOC 1
| #define HAVE_CALLOC 1
| #define HAVE_REALLOC 1
| #define HAVE_FREE 1
| #define HAVE_OPEN 1
| #define HAVE_READ 1
| #define HAVE_WRITE 1
| #define HAVE_LSEEK 1
| #define HAVE_FSTAT 1
| #define HAVE_FSTAT64 1
| #define HAVE_FTRUNCATE 1
| #define HAVE_FSYNC 1
| #define HAVE_SNPRINTF 1
| #define HAVE_VSNPRINTF 1
| #define HAVE_GMTIME 1
| #define HAVE_GMTIME_R 1
| #define HAVE_LOCALTIME 1
| #define HAVE_LOCALTIME_R 1
| #define HAVE_GETTIMEOFDAY 1
| #define HAVE_MMAP 1
| #define HAVE_GETPAGESIZE 1
| #define HAVE_SETLOCALE 1
| #define HAVE_PIPE 1
| #define HAVE_WAITPID 1
| #define HAVE_LIBM 1
| #define HAVE_FLOOR 1
| #define HAVE_CEIL 1
| #define HAVE_FMOD 1
| #define HAVE_LROUND 1
| #define HAVE_LRINT 1
| #define HAVE_LRINTF 1
| #define HAVE_EXTERNAL_LIBS 0
| #define HAVE_SQLITE3 0
| #define CPU_CLIPS_POSITIVE 0
| #define CPU_CLIPS_NEGATIVE 0
| #define OS_IS_WIN32 0
| #define OS_IS_OPENBSD 0
| #define USE_WINDOWS_API 0
| #define OSX_DARWIN_VERSION 14
| /* end confdefs.h.  */
| #include <stdio.h>
| #ifdef HAVE_SYS_TYPES_H
| # include <sys/types.h>
| #endif
| #ifdef HAVE_SYS_STAT_H
| # include <sys/stat.h>
| #endif
| #ifdef STDC_HEADERS
| # include <stdlib.h>
| # include <stddef.h>
| #else
| # ifdef HAVE_STDLIB_H
| #  include <stdlib.h>
| # endif
| #endif
| #ifdef HAVE_STRING_H
| # if !defined STDC_HEADERS && defined HAVE_MEMORY_H
| #  include <memory.h>
| # endif
| # include <string.h>
| #endif
| #ifdef HAVE_STRINGS_H
| # include <strings.h>
| #endif
| #ifdef HAVE_INTTYPES_H
| # include <inttypes.h>
| #endif
| #ifdef HAVE_STDINT_H
| # include <stdint.h>
| #endif
| #ifdef HAVE_UNISTD_H
| # include <unistd.h>
| #endif
| #include <alsa/asoundlib.h>
configure:19517: result: no
configure:19517: checking alsa/asoundlib.h presence
configure:19517: gcc -E  conftest.c
conftest.c:95:10: fatal error: 'alsa/asoundlib.h' file not found
#include <alsa/asoundlib.h>
         ^
1 error generated.
configure:19517: $? = 1
configure: failed program was:
| /* confdefs.h */
| #define PACKAGE_NAME "libsndfile"
| #define PACKAGE_TARNAME "libsndfile"
| #define PACKAGE_VERSION "1.0.26"
| #define PACKAGE_STRING "libsndfile 1.0.26"
| #define PACKAGE_BUGREPORT "sndfile@mega-nerd.com"
| #define PACKAGE_URL "http://www.mega-nerd.com/libsndfile/"
| #define PACKAGE "libsndfile"
| #define VERSION "1.0.26"
| #define STDC_HEADERS 1
| #define HAVE_SYS_TYPES_H 1
| #define HAVE_SYS_STAT_H 1
| #define HAVE_STDLIB_H 1
| #define HAVE_STRING_H 1
| #define HAVE_MEMORY_H 1
| #define HAVE_STRINGS_H 1
| #define HAVE_INTTYPES_H 1
| #define HAVE_STDINT_H 1
| #define HAVE_UNISTD_H 1
| #define __EXTENSIONS__ 1
| #define _ALL_SOURCE 1
| #define _GNU_SOURCE 1
| #define _POSIX_PTHREAD_SEMANTICS 1
| #define _TANDEM_SOURCE 1
| #define HAVE_DLFCN_H 1
| #define LT_OBJDIR ".libs/"
| #define STDC_HEADERS 1
| #define HAVE_LOCALE_H 1
| #define HAVE_SYS_TIME_H 1
| #define HAVE_SYS_WAIT_H 1
| #define HAVE_DECL_S_IRGRP 1
| #define HAVE_DECL_S_IRGRP 1
| #define ENABLE_EXPERIMENTAL_CODE 0
| #define SIZEOF_WCHAR_T 4
| #define SIZEOF_SHORT 2
| #define SIZEOF_INT 4
| #define SIZEOF_LONG 8
| #define SIZEOF_FLOAT 4
| #define SIZEOF_DOUBLE 8
| #define SIZEOF_VOIDP 8
| #define SIZEOF_SIZE_T 8
| #define SIZEOF_INT64_T 8
| #define SIZEOF_LONG_LONG 8
| #define SIZEOF_OFF_T 8
| #define SIZEOF_LOFF_T 0
| #define SIZEOF_OFF64_T 0
| #define TYPEOF_SF_COUNT_T int64_t
| #define SIZEOF_SF_COUNT_T 8
| #define SF_COUNT_MAX 0x7FFFFFFFFFFFFFFFLL
| #define HAVE_SSIZE_T 1
| #define SIZEOF_SSIZE_T 8
| #define CPU_IS_BIG_ENDIAN 0
| #define CPU_IS_LITTLE_ENDIAN 1
| #define WORDS_BIGENDIAN 0
| #define HAVE_MALLOC 1
| #define HAVE_CALLOC 1
| #define HAVE_REALLOC 1
| #define HAVE_FREE 1
| #define HAVE_OPEN 1
| #define HAVE_READ 1
| #define HAVE_WRITE 1
| #define HAVE_LSEEK 1
| #define HAVE_FSTAT 1
| #define HAVE_FSTAT64 1
| #define HAVE_FTRUNCATE 1
| #define HAVE_FSYNC 1
| #define HAVE_SNPRINTF 1
| #define HAVE_VSNPRINTF 1
| #define HAVE_GMTIME 1
| #define HAVE_GMTIME_R 1
| #define HAVE_LOCALTIME 1
| #define HAVE_LOCALTIME_R 1
| #define HAVE_GETTIMEOFDAY 1
| #define HAVE_MMAP 1
| #define HAVE_GETPAGESIZE 1
| #define HAVE_SETLOCALE 1
| #define HAVE_PIPE 1
| #define HAVE_WAITPID 1
| #define HAVE_LIBM 1
| #define HAVE_FLOOR 1
| #define HAVE_CEIL 1
| #define HAVE_FMOD 1
| #define HAVE_LROUND 1
| #define HAVE_LRINT 1
| #define HAVE_LRINTF 1
| #define HAVE_EXTERNAL_LIBS 0
| #define HAVE_SQLITE3 0
| #define CPU_CLIPS_POSITIVE 0
| #define CPU_CLIPS_NEGATIVE 0
| #define OS_IS_WIN32 0
| #define OS_IS_OPENBSD 0
| #define USE_WINDOWS_API 0
| #define OSX_DARWIN_VERSION 14
| /* end confdefs.h.  */
| #include <alsa/asoundlib.h>
configure:19517: result: no
configure:19517: checking for alsa/asoundlib.h
configure:19517: result: no
configure:19607: WARNING: Touching files in directory tests/.
configure:20397: checking that generated files are newer than configure
configure:20403: result: done
configure:20454: creating ./config.status

## ---------------------- ##
## Running config.status. ##
## ---------------------- ##

This file was extended by libsndfile config.status 1.0.26, which was
generated by GNU Autoconf 2.69.  Invocation command line was

  CONFIG_FILES    = 
  CONFIG_HEADERS  = 
  CONFIG_LINKS    = 
  CONFIG_COMMANDS = 
  $ ./config.status 

on Nimrods-MacBook-Pro.local

config.status:1353: creating src/Makefile
config.status:1353: creating man/Makefile
config.status:1353: creating examples/Makefile
config.status:1353: creating tests/Makefile
config.status:1353: creating regtest/Makefile
config.status:1353: creating M4/Makefile
config.status:1353: creating doc/Makefile
config.status:1353: creating Win32/Makefile
config.status:1353: creating Octave/Makefile
config.status:1353: creating programs/Makefile
config.status:1353: creating Makefile
config.status:1353: creating src/version-metadata.rc
config.status:1353: creating tests/test_wrapper.sh
config.status:1353: creating tests/pedantic-header-test.sh
config.status:1353: creating doc/libsndfile.css
config.status:1353: creating Scripts/build-test-tarball.mk
config.status:1353: creating libsndfile.spec
config.status:1353: creating sndfile.pc
config.status:1353: creating src/sndfile.h
config.status:1353: creating echo-install-dirs
config.status:1353: creating src/config.h
config.status:1582: executing depfiles commands
config.status:1582: executing libtool commands
configure:23222: result:
-=-=-=-=-=-=-=-=-=-= Configuration Complete =-=-=-=-=-=-=-=-=-=-

  Configuration summary :

    libsndfile version : .................. 1.0.26

    Host CPU : ............................ x86_64
    Host Vendor : ......................... apple
    Host OS : ............................. darwin14.5.0

    Experimental code : ................... no
    Using ALSA in example programs : ...... no
    External FLAC/Ogg/Vorbis : ............ no


## ---------------- ##
## Cache variables. ##
## ---------------- ##

ac_cv_build=x86_64-apple-darwin14.5.0
ac_cv_c99_lrint=yes
ac_cv_c99_lrintf=yes
ac_cv_c_big_endian=0
ac_cv_c_byte_order=little
ac_cv_c_clip_negative=0
ac_cv_c_clip_positive=0
ac_cv_c_clip_type=none
ac_cv_c_compiler_gnu=no
ac_cv_c_little_endian=1
ac_cv_cxx_compiler_gnu=yes
ac_cv_env_CCC_set=
ac_cv_env_CCC_value=
ac_cv_env_CC_set=
ac_cv_env_CC_value=
ac_cv_env_CFLAGS_set=
ac_cv_env_CFLAGS_value=
ac_cv_env_CPPFLAGS_set=
ac_cv_env_CPPFLAGS_value=
ac_cv_env_CPP_set=
ac_cv_env_CPP_value=
ac_cv_env_CXXCPP_set=
ac_cv_env_CXXCPP_value=
ac_cv_env_CXXFLAGS_set=
ac_cv_env_CXXFLAGS_value=
ac_cv_env_CXX_set=
ac_cv_env_CXX_value=
ac_cv_env_FLAC_CFLAGS_set=
ac_cv_env_FLAC_CFLAGS_value=
ac_cv_env_FLAC_LIBS_set=
ac_cv_env_FLAC_LIBS_value=
ac_cv_env_LDFLAGS_set=
ac_cv_env_LDFLAGS_value=
ac_cv_env_LIBS_set=
ac_cv_env_LIBS_value=
ac_cv_env_OGG_CFLAGS_set=
ac_cv_env_OGG_CFLAGS_value=
ac_cv_env_OGG_LIBS_set=
ac_cv_env_OGG_LIBS_value=
ac_cv_env_PKG_CONFIG_LIBDIR_set=
ac_cv_env_PKG_CONFIG_LIBDIR_value=
ac_cv_env_PKG_CONFIG_PATH_set=
ac_cv_env_PKG_CONFIG_PATH_value=
ac_cv_env_PKG_CONFIG_set=
ac_cv_env_PKG_CONFIG_value=
ac_cv_env_SPEEX_CFLAGS_set=
ac_cv_env_SPEEX_CFLAGS_value=
ac_cv_env_SPEEX_LIBS_set=
ac_cv_env_SPEEX_LIBS_value=
ac_cv_env_SQLITE3_CFLAGS_set=
ac_cv_env_SQLITE3_CFLAGS_value=
ac_cv_env_SQLITE3_LIBS_set=
ac_cv_env_SQLITE3_LIBS_value=
ac_cv_env_VORBISENC_CFLAGS_set=
ac_cv_env_VORBISENC_CFLAGS_value=
ac_cv_env_VORBISENC_LIBS_set=
ac_cv_env_VORBISENC_LIBS_value=
ac_cv_env_VORBIS_CFLAGS_set=
ac_cv_env_VORBIS_CFLAGS_value=
ac_cv_env_VORBIS_LIBS_set=
ac_cv_env_VORBIS_LIBS_value=
ac_cv_env_build_alias_set=
ac_cv_env_build_alias_value=
ac_cv_env_host_alias_set=
ac_cv_env_host_alias_value=
ac_cv_env_target_alias_set=
ac_cv_env_target_alias_value=
ac_cv_flac=no
ac_cv_func_calloc=yes
ac_cv_func_ceil=yes
ac_cv_func_floor=yes
ac_cv_func_fmod=yes
ac_cv_func_free=yes
ac_cv_func_fstat64=yes
ac_cv_func_fstat=yes
ac_cv_func_fsync=yes
ac_cv_func_ftruncate=yes
ac_cv_func_getpagesize=yes
ac_cv_func_gettimeofday=yes
ac_cv_func_gmtime=yes
ac_cv_func_gmtime_r=yes
ac_cv_func_localtime=yes
ac_cv_func_localtime_r=yes
ac_cv_func_lround=yes
ac_cv_func_lseek64=no
ac_cv_func_lseek=yes
ac_cv_func_malloc=yes
ac_cv_func_mmap=yes
ac_cv_func_open=yes
ac_cv_func_pipe=yes
ac_cv_func_read=yes
ac_cv_func_realloc=yes
ac_cv_func_setlocale=yes
ac_cv_func_snprintf=yes
ac_cv_func_vsnprintf=yes
ac_cv_func_waitpid=yes
ac_cv_func_write=yes
ac_cv_have_decl_S_IRGRP=yes
ac_cv_header_alsa_asoundlib_h=no
ac_cv_header_byteswap_h=no
ac_cv_header_dlfcn_h=yes
ac_cv_header_endian_h=no
ac_cv_header_inttypes_h=yes
ac_cv_header_locale_h=yes
ac_cv_header_memory_h=yes
ac_cv_header_minix_config_h=no
ac_cv_header_stdc=yes
ac_cv_header_stdint_h=yes
ac_cv_header_stdlib_h=yes
ac_cv_header_string_h=yes
ac_cv_header_strings_h=yes
ac_cv_header_sys_stat_h=yes
ac_cv_header_sys_time_h=yes
ac_cv_header_sys_types_h=yes
ac_cv_header_sys_wait_h=yes
ac_cv_header_unistd_h=yes
ac_cv_host=x86_64-apple-darwin14.5.0
ac_cv_lib_m_floor=yes
ac_cv_objext=o
ac_cv_ogg=no
ac_cv_path_EGREP='/usr/bin/grep -E'
ac_cv_path_FGREP='/usr/bin/grep -F'
ac_cv_path_GREP=/usr/bin/grep
ac_cv_path_SED=/usr/bin/sed
ac_cv_path_ac_pt_PKG_CONFIG=/usr/local/bin/pkg-config
ac_cv_path_install='/usr/bin/install -c'
ac_cv_prog_AWK=awk
ac_cv_prog_CPP='gcc -E'
ac_cv_prog_CXXCPP='g++ -E'
ac_cv_prog_HAVE_AUTOGEN=no
ac_cv_prog_HAVE_MKOCTFILE=no
ac_cv_prog_HAVE_OCTAVE=no
ac_cv_prog_HAVE_OCTAVE_CONFIG=no
ac_cv_prog_HAVE_WINE=no
ac_cv_prog_HAVE_XCODE_SELECT=yes
ac_cv_prog_ac_ct_AR=ar
ac_cv_prog_ac_ct_CC=gcc
ac_cv_prog_ac_ct_CXX=g++
ac_cv_prog_ac_ct_DSYMUTIL=dsymutil
ac_cv_prog_ac_ct_LIPO=lipo
ac_cv_prog_ac_ct_NMEDIT=nmedit
ac_cv_prog_ac_ct_OTOOL=otool
ac_cv_prog_ac_ct_RANLIB=ranlib
ac_cv_prog_ac_ct_STRIP=strip
ac_cv_prog_cc_c89=
ac_cv_prog_cc_c99=
ac_cv_prog_cc_g=yes
ac_cv_prog_cc_stdc=
ac_cv_prog_cxx_g=yes
ac_cv_prog_make_make_set=yes
ac_cv_safe_to_define___extensions__=yes
ac_cv_sizeof_double=8
ac_cv_sizeof_float=4
ac_cv_sizeof_int64_t=8
ac_cv_sizeof_int=4
ac_cv_sizeof_loff_t=0
ac_cv_sizeof_long=8
ac_cv_sizeof_long_long=8
ac_cv_sizeof_off64_t=0
ac_cv_sizeof_off_t=8
ac_cv_sizeof_short=2
ac_cv_sizeof_size_t=8
ac_cv_sizeof_ssize_t=8
ac_cv_sizeof_voidp=8
ac_cv_sizeof_wchar_t=4
ac_cv_sqlite3=no
ac_cv_target=x86_64-apple-darwin14.5.0
ac_cv_type_ssize_t=yes
ac_cv_vorbis=no
ac_cv_vorbisenc=no
am_cv_CC_dependencies_compiler_type=gcc3
am_cv_CXX_dependencies_compiler_type=gcc3
am_cv_make_support_nested_variables=yes
am_cv_prog_cc_c_o=yes
lt_cv_apple_cc_single_mod=yes
lt_cv_ar_at_file=no
lt_cv_deplibs_check_method=pass_all
lt_cv_file_magic_cmd='$MAGIC_CMD'
lt_cv_file_magic_test_file=
lt_cv_ld_exported_symbols_list=yes
lt_cv_ld_force_load=yes
lt_cv_ld_reload_flag=-r
lt_cv_nm_interface='BSD nm'
lt_cv_objdir=.libs
lt_cv_path_LD=/Applications/Xcode.app/Contents/Developer/Toolchains/XcodeDefault.xctoolchain/usr/bin/ld
lt_cv_path_LDCXX=/Applications/Xcode.app/Contents/Developer/Toolchains/XcodeDefault.xctoolchain/usr/bin/ld
lt_cv_path_NM=/usr/bin/nm
lt_cv_path_mainfest_tool=no
lt_cv_prog_compiler_c_o=yes
lt_cv_prog_compiler_c_o_CXX=yes
lt_cv_prog_compiler_c_o_RC=yes
lt_cv_prog_compiler_pic='-fno-common -DPIC'
lt_cv_prog_compiler_pic_CXX='-fno-common -DPIC'
lt_cv_prog_compiler_pic_works=yes
lt_cv_prog_compiler_pic_works_CXX=yes
lt_cv_prog_compiler_rtti_exceptions=yes
lt_cv_prog_compiler_static_works=no
lt_cv_prog_compiler_static_works_CXX=no
lt_cv_prog_gnu_ld=no
lt_cv_prog_gnu_ldcxx=no
lt_cv_sharedlib_from_linklib_cmd='printf %s\n'
lt_cv_sys_global_symbol_pipe='sed -n -e '\''s/^.*[	 ]\([BCDEGRST][BCDEGRST]*\)[	 ][	 ]*_\([_A-Za-z][_A-Za-z0-9]*\)$/\1 _\2 \2/p'\'' | sed '\''/ __gnu_lto/d'\'''
lt_cv_sys_global_symbol_to_c_name_address='sed -n -e '\''s/^: \([^ ]*\)[ ]*$/  {\"\1\", (void *) 0},/p'\'' -e '\''s/^[BCDEGRST]* \([^ ]*\) \([^ ]*\)$/  {"\2", (void *) \&\2},/p'\'''
lt_cv_sys_global_symbol_to_c_name_address_lib_prefix='sed -n -e '\''s/^: \([^ ]*\)[ ]*$/  {\"\1\", (void *) 0},/p'\'' -e '\''s/^[BCDEGRST]* \([^ ]*\) \(lib[^ ]*\)$/  {"\2", (void *) \&\2},/p'\'' -e '\''s/^[BCDEGRST]* \([^ ]*\) \([^ ]*\)$/  {"lib\2", (void *) \&\2},/p'\'''
lt_cv_sys_global_symbol_to_cdecl='sed -n -e '\''s/^T .* \(.*\)$/extern int \1();/p'\'' -e '\''s/^[BCDEGRST]* .* \(.*\)$/extern char \1;/p'\'''
lt_cv_sys_max_cmd_len=196608
lt_cv_to_host_file_cmd=func_convert_file_noop
lt_cv_to_tool_file_cmd=func_convert_file_noop
mn_cv_c_compiler_clang=yes

## ----------------- ##
## Output variables. ##
## ----------------- ##

ACLOCAL='${SHELL} /Users/nimast/Desktop/libsndfile-1.0.26/Cfg/missing aclocal-1.15'
ALSA_LIBS=''
AMDEPBACKSLASH='\'
AMDEP_FALSE='#'
AMDEP_TRUE=''
AMTAR='$${TAR-tar}'
AM_BACKSLASH='\'
AM_DEFAULT_V='$(AM_DEFAULT_VERBOSITY)'
AM_DEFAULT_VERBOSITY='0'
AM_V='$(V)'
AR='ar'
AUTOCONF='${SHELL} /Users/nimast/Desktop/libsndfile-1.0.26/Cfg/missing autoconf'
AUTOHEADER='${SHELL} /Users/nimast/Desktop/libsndfile-1.0.26/Cfg/missing autoheader'
AUTOMAKE='${SHELL} /Users/nimast/Desktop/libsndfile-1.0.26/Cfg/missing automake-1.15'
AWK='awk'
BUILD_OCTAVE_MOD_FALSE=''
BUILD_OCTAVE_MOD_TRUE='#'
CC='gcc'
CCDEPMODE='depmode=gcc3'
CFLAGS='-g -O2 -I/Applications/Xcode.app/Contents/Developer/Headers/FlatCarbon'
CLEAN_VERSION='1.0.26'
CPP='gcc -E'
CPPFLAGS=''
CXX='g++'
CXXCPP='g++ -E'
CXXDEPMODE='depmode=gcc3'
CXXFLAGS='-g -O2'
CYGPATH_W='echo'
DEFS='-DHAVE_CONFIG_H'
DEPDIR='.deps'
DLLTOOL='false'
DSYMUTIL='dsymutil'
DUMPBIN=''
ECHO_C='\c'
ECHO_N=''
ECHO_T=''
EGREP='/usr/bin/grep -E'
ENABLE_TEST_COVERAGE_FALSE=''
ENABLE_TEST_COVERAGE_TRUE='#'
EXEEXT=''
EXTERNAL_CFLAGS=''
EXTERNAL_LIBS=''
FGREP='/usr/bin/grep -F'
FLAC_CFLAGS=''
FLAC_LIBS=''
GCC_MAJOR_VERSION=''
GCC_MINOR_VERSION=''
GCC_VERSION=''
GREP='/usr/bin/grep'
HAVE_AUTOGEN='no'
HAVE_EXTERNAL_LIBS='0'
HAVE_MKOCTFILE='no'
HAVE_OCTAVE='no'
HAVE_OCTAVE_CONFIG='no'
HAVE_WINE='no'
HAVE_XCODE_SELECT='yes'
HOST_TRIPLET='x86_64-apple-darwin14.5.0'
HTML_BGCOLOUR='black'
HTML_FGCOLOUR='white'
INSTALL_DATA='${INSTALL} -m 644'
INSTALL_PROGRAM='${INSTALL}'
INSTALL_SCRIPT='${INSTALL}'
INSTALL_STRIP_PROGRAM='$(install_sh) -c -s'
LD='/Applications/Xcode.app/Contents/Developer/Toolchains/XcodeDefault.xctoolchain/usr/bin/ld'
LDFLAGS=''
LIBOBJS=''
LIBS='-lm '
LIBTOOL='$(SHELL) $(top_builddir)/libtool'
LIBTOOL_DEPS='Cfg/ltmain.sh'
LINUX_MINGW_CROSS_TEST_FALSE=''
LINUX_MINGW_CROSS_TEST_TRUE='#'
LIPO='lipo'
LN_S='ln -s'
LTLIBOBJS=''
MAKEINFO='${SHELL} /Users/nimast/Desktop/libsndfile-1.0.26/Cfg/missing makeinfo'
MANIFEST_TOOL=':'
MKDIR_P='Cfg/install-sh -c -d'
MKOCTFILE=''
MKOCTFILE_VERSION=''
NM='/usr/bin/nm'
NMEDIT='nmedit'
OBJDUMP='false'
OBJEXT='o'
OCTAVE=''
OCTAVE_CONFIG=''
OCTAVE_CONFIG_VERSION=''
OCTAVE_DEST_MDIR=''
OCTAVE_DEST_ODIR=''
OCTAVE_VERSION=''
OGG_CFLAGS=''
OGG_LIBS=''
OS_SPECIFIC_CFLAGS='-I/Applications/Xcode.app/Contents/Developer/Headers/FlatCarbon'
OS_SPECIFIC_LINKS='-framework CoreAudio -framework AudioToolbox -framework CoreFoundation'
OTOOL64=':'
OTOOL='otool'
PACKAGE='libsndfile'
PACKAGE_BUGREPORT='sndfile@mega-nerd.com'
PACKAGE_NAME='libsndfile'
PACKAGE_STRING='libsndfile 1.0.26'
PACKAGE_TARNAME='libsndfile'
PACKAGE_URL='http://www.mega-nerd.com/libsndfile/'
PACKAGE_VERSION='1.0.26'
PATH_SEPARATOR=':'
PKG_CONFIG='/usr/local/bin/pkg-config'
PKG_CONFIG_LIBDIR=''
PKG_CONFIG_PATH=''
RANLIB='ranlib'
RC=''
SED='/usr/bin/sed'
SET_MAKE=''
SF_COUNT_MAX='0x7FFFFFFFFFFFFFFFLL'
SHARED_VERSION_INFO='1:26:0'
SHELL='/bin/sh'
SHLIB_VERSION_ARG=''
SIZEOF_SF_COUNT_T='8'
SNDIO_LIBS=''
SPEEX_CFLAGS=''
SPEEX_LIBS=''
SQLITE3_CFLAGS=''
SQLITE3_LIBS=''
SRC_BINDIR='src/'
STRIP='strip'
TEST_BINDIR='tests/'
TYPEOF_SF_COUNT_T='int64_t'
USE_WIN_VERSION_FILE_FALSE=''
USE_WIN_VERSION_FILE_TRUE='#'
VERSION='1.0.26'
VORBISENC_CFLAGS=''
VORBISENC_LIBS=''
VORBIS_CFLAGS=''
VORBIS_LIBS=''
WIN_RC_VERSION='1,0,26'
ac_ct_AR='ar'
ac_ct_CC='gcc'
ac_ct_CXX='g++'
ac_ct_DUMPBIN=''
am__EXEEXT_FALSE=''
am__EXEEXT_TRUE='#'
am__fastdepCC_FALSE='#'
am__fastdepCC_TRUE=''
am__fastdepCXX_FALSE='#'
am__fastdepCXX_TRUE=''
am__include='include'
am__isrc=''
am__leading_dot='.'
am__nodep='_no'
am__quote=''
am__tar='$${TAR-tar} chof - "$$tardir"'
am__untar='$${TAR-tar} xf -'
bindir='${exec_prefix}/bin'
build='x86_64-apple-darwin14.5.0'
build_alias=''
build_cpu='x86_64'
build_os='darwin14.5.0'
build_vendor='apple'
datadir='${datarootdir}'
datarootdir='${prefix}/share'
docdir='${datarootdir}/doc/${PACKAGE_TARNAME}'
dvidir='${docdir}'
exec_prefix='${prefix}'
host='x86_64-apple-darwin14.5.0'
host_alias=''
host_cpu='x86_64'
host_os='darwin14.5.0'
host_vendor='apple'
htmldir='${docdir}'
includedir='${prefix}/include'
infodir='${datarootdir}/info'
install_sh='${SHELL} /Users/nimast/Desktop/libsndfile-1.0.26/Cfg/install-sh'
libdir='${exec_prefix}/lib'
libexecdir='${exec_prefix}/libexec'
localedir='${datarootdir}/locale'
localstatedir='${prefix}/var'
mandir='${datarootdir}/man'
mkdir_p='$(MKDIR_P)'
oldincludedir='/usr/include'
pdfdir='${docdir}'
pkgconfigdir='${libdir}/pkgconfig'
prefix='/usr/local'
program_transform_name='s,x,x,'
psdir='${docdir}'
runstatedir='${localstatedir}/run'
sbindir='${exec_prefix}/sbin'
sharedstatedir='${prefix}/com'
sysconfdir='${prefix}/etc'
target='x86_64-apple-darwin14.5.0'
target_alias=''
target_cpu='x86_64'
target_os='darwin14.5.0'
target_vendor='apple'

## ----------- ##
## confdefs.h. ##
## ----------- ##

/* confdefs.h */
#define PACKAGE_NAME "libsndfile"
#define PACKAGE_TARNAME "libsndfile"
#define PACKAGE_VERSION "1.0.26"
#define PACKAGE_STRING "libsndfile 1.0.26"
#define PACKAGE_BUGREPORT "sndfile@mega-nerd.com"
#define PACKAGE_URL "http://www.mega-nerd.com/libsndfile/"
#define PACKAGE "libsndfile"
#define VERSION "1.0.26"
#define STDC_HEADERS 1
#define HAVE_SYS_TYPES_H 1
#define HAVE_SYS_STAT_H 1
#define HAVE_STDLIB_H 1
#define HAVE_STRING_H 1
#define HAVE_MEMORY_H 1
#define HAVE_STRINGS_H 1
#define HAVE_INTTYPES_H 1
#define HAVE_STDINT_H 1
#define HAVE_UNISTD_H 1
#define __EXTENSIONS__ 1
#define _ALL_SOURCE 1
#define _GNU_SOURCE 1
#define _POSIX_PTHREAD_SEMANTICS 1
#define _TANDEM_SOURCE 1
#define HAVE_DLFCN_H 1
#define LT_OBJDIR ".libs/"
#define STDC_HEADERS 1
#define HAVE_LOCALE_H 1
#define HAVE_SYS_TIME_H 1
#define HAVE_SYS_WAIT_H 1
#define HAVE_DECL_S_IRGRP 1
#define HAVE_DECL_S_IRGRP 1
#define ENABLE_EXPERIMENTAL_CODE 0
#define SIZEOF_WCHAR_T 4
#define SIZEOF_SHORT 2
#define SIZEOF_INT 4
#define SIZEOF_LONG 8
#define SIZEOF_FLOAT 4
#define SIZEOF_DOUBLE 8
#define SIZEOF_VOIDP 8
#define SIZEOF_SIZE_T 8
#define SIZEOF_INT64_T 8
#define SIZEOF_LONG_LONG 8
#define SIZEOF_OFF_T 8
#define SIZEOF_LOFF_T 0
#define SIZEOF_OFF64_T 0
#define TYPEOF_SF_COUNT_T int64_t
#define SIZEOF_SF_COUNT_T 8
#define SF_COUNT_MAX 0x7FFFFFFFFFFFFFFFLL
#define HAVE_SSIZE_T 1
#define SIZEOF_SSIZE_T 8
#define CPU_IS_BIG_ENDIAN 0
#define CPU_IS_LITTLE_ENDIAN 1
#define WORDS_BIGENDIAN 0
#define HAVE_MALLOC 1
#define HAVE_CALLOC 1
#define HAVE_REALLOC 1
#define HAVE_FREE 1
#define HAVE_OPEN 1
#define HAVE_READ 1
#define HAVE_WRITE 1
#define HAVE_LSEEK 1
#define HAVE_FSTAT 1
#define HAVE_FSTAT64 1
#define HAVE_FTRUNCATE 1
#define HAVE_FSYNC 1
#define HAVE_SNPRINTF 1
#define HAVE_VSNPRINTF 1
#define HAVE_GMTIME 1
#define HAVE_GMTIME_R 1
#define HAVE_LOCALTIME 1
#define HAVE_LOCALTIME_R 1
#define HAVE_GETTIMEOFDAY 1
#define HAVE_MMAP 1
#define HAVE_GETPAGESIZE 1
#define HAVE_SETLOCALE 1
#define HAVE_PIPE 1
#define HAVE_WAITPID 1
#define HAVE_LIBM 1
#define HAVE_FLOOR 1
#define HAVE_CEIL 1
#define HAVE_FMOD 1
#define HAVE_LROUND 1
#define HAVE_LRINT 1
#define HAVE_LRINTF 1
#define HAVE_EXTERNAL_LIBS 0
#define HAVE_SQLITE3 0
#define CPU_CLIPS_POSITIVE 0
#define CPU_CLIPS_NEGATIVE 0
#define OS_IS_WIN32 0
#define OS_IS_OPENBSD 0
#define USE_WINDOWS_API 0
#define OSX_DARWIN_VERSION 14
#define HAVE_SNDIO_H 0
#define WIN32_TARGET_DLL 0
#define COMPILER_IS_GCC 0
#define HOST_TRIPLET "x86_64-apple-darwin14.5.0"

configure: exit 0
